#
# A fatal error has been detected by the Java Runtime Environment:
#
#  SIGBUS (0xa) at pc=0x000000010ca5a490, pid=80835, tid=20227
#
# JRE version: OpenJDK Runtime Environment (11.0.6+8) (build 11.0.6+8-b520.66)
# Java VM: OpenJDK 64-Bit Server VM (11.0.6+8-b520.66, mixed mode, tiered, compressed oops, g1 gc, bsd-amd64)
# Problematic frame:
# V  [libjvm.dylib+0x25a490]  ConstantPool::impl_name_and_type_ref_index_at(int, bool)+0x1c
#
# No core dump will be written. Core dumps have been disabled. To enable core dumping, try "ulimit -c unlimited" before starting Java again
#
# If you would like to submit a bug report, please visit:
#   http://bugreport.java.com/bugreport/crash.jsp
#

---------------  S U M M A R Y ------------

Command Line: -agentlib:jdwp=transport=dt_socket,address=127.0.0.1:57301,suspend=y,server=n -ea -Didea.test.cyclic.buffer.size=1048576 -javaagent:/Users/shwetagulyani/Library/Caches/IdeaIC2019.3/captureAgent/debugger-agent.jar -Dfile.encoding=UTF-8 com.intellij.rt.testng.RemoteTestNGStarter -usedefaultlisteners false -socket57300 @w@/private/var/folders/rk/5xrm9p0904gdwypsb4rr29800000gn/T/idea_working_dirs_testng.tmp -temp /private/var/folders/rk/5xrm9p0904gdwypsb4rr29800000gn/T/idea_testng.tmp

Host: MacBookPro15,1 x86_64 2600 MHz, 12 cores, 16G, Darwin 19.5.0
Time: Tue Aug 11 02:17:15 2020 IST elapsed time: 632 seconds (0d 0h 10m 32s)

---------------  T H R E A D  ---------------

Current thread (0x00007ffde781d800):  VMThread "VM Thread" [stack: 0x000070000739c000,0x000070000749c000] [id=20227]

Stack: [0x000070000739c000,0x000070000749c000],  sp=0x000070000749b1a0,  free space=1020k
Native frames: (J=compiled Java code, A=aot compiled Java code, j=interpreted, Vv=VM code, C=native code)
V  [libjvm.dylib+0x25a490]  ConstantPool::impl_name_and_type_ref_index_at(int, bool)+0x1c
V  [libjvm.dylib+0x25a4fd]  ConstantPool::impl_signature_ref_at(int, bool)+0x11
V  [libjvm.dylib+0x34c15c]  GenerateOopMap::do_method(int, int, int, int)+0x40
V  [libjvm.dylib+0x34a860]  GenerateOopMap::interp_bb(BasicBlock*)+0xe4
V  [libjvm.dylib+0x34a578]  GenerateOopMap::interp_all()+0x3c
V  [libjvm.dylib+0x34a229]  GenerateOopMap::do_interpretation()+0x4b
V  [libjvm.dylib+0x34c9e3]  GenerateOopMap::compute_map(Thread*)+0x165
V  [libjvm.dylib+0x5eb682]  OopMapForCacheEntry::compute_map(Thread*)+0x54
V  [libjvm.dylib+0x5ebe58]  OopMapCacheEntry::fill(methodHandle const&, int)+0xac
V  [libjvm.dylib+0x5ec781]  OopMapCache::compute_one_oop_map(methodHandle const&, int, InterpreterOopMap*)+0x5d
V  [libjvm.dylib+0x5b0d12]  Method::mask_for(int, InterpreterOopMap*)+0x7e
V  [libjvm.dylib+0x4c620c]  VM_GetOrSetLocal::doit()+0x48
V  [libjvm.dylib+0x74f033]  VM_Operation::evaluate()+0xd5
V  [libjvm.dylib+0x74e634]  VMThread::evaluate_operation(VM_Operation*)+0x13a
V  [libjvm.dylib+0x74e01c]  VMThread::loop()+0x106
V  [libjvm.dylib+0x74de28]  VMThread::run()+0x6e
V  [libjvm.dylib+0x6eed60]  Thread::call_run()+0x60
V  [libjvm.dylib+0x5f4dc7]  thread_native_entry(Thread*)+0x139
C  [libsystem_pthread.dylib+0x6109]  _pthread_start+0x94
C  [libsystem_pthread.dylib+0x1b8b]  thread_start+0xf


siginfo: si_signo: 10 (SIGBUS), si_code: 2 (BUS_ADRERR), si_addr: 0x000000012eab93f0

Register to memory mapping:

RAX=0x000000012e925008 is pointing into metadata
RBX=0x00000001153d7300 is pointing into metadata
RCX=0x00000000001943c0 is an unknown value
RDX=0x0 is NULL
RSP=0x000070000749b1a0 points into unknown readable memory: c0 b1 49 07 00 70 00 00
RBP=0x000070000749b1a0 points into unknown readable memory: c0 b1 49 07 00 70 00 00
RSI=0x000000000000ca1e is an unknown value
RDI=0x00000001153d7300 is pointing into metadata
R8 =0x00000000000000bb is an unknown value
R9 =0x00007ffde7109230 points into unknown readable memory: 58 81 3d 15 01 00 00 00
R10=0x000000008a000000 is an unknown value
R11=0xffffffffffffffc0 is an unknown value
R12=0x00000000000000e4 is an unknown value
R13=0x000070000749b810 points into unknown readable memory: c8 72 0d 0d 01 00 00 00
R14=0x0 is NULL
R15=0x00000000000000bb is an unknown value


Registers:
RAX=0x000000012e925008, RBX=0x00000001153d7300, RCX=0x00000000001943c0, RDX=0x0000000000000000
RSP=0x000070000749b1a0, RBP=0x000070000749b1a0, RSI=0x000000000000ca1e, RDI=0x00000001153d7300
R8 =0x00000000000000bb, R9 =0x00007ffde7109230, R10=0x000000008a000000, R11=0xffffffffffffffc0
R12=0x00000000000000e4, R13=0x000070000749b810, R14=0x0000000000000000, R15=0x00000000000000bb
RIP=0x000000010ca5a490, EFLAGS=0x0000000000010206, ERR=0x0000000000000004
  TRAPNO=0x000000000000000e

Top of Stack: (sp=0x000070000749b1a0)
0x000070000749b1a0:   000070000749b1c0 000000010ca5a4fd
0x000070000749b1b0:   00000001153d8000 000070000749b810
0x000070000749b1c0:   000070000749b650 000000010cb4c15c
0x000070000749b1d0:   000000010d0f46b0 00007ffde50f3838
0x000070000749b1e0:   0000000000000026 000000010000000e
0x000070000749b1f0:   000070000749b200 0000000000000002
0x000070000749b200:   4fffffff4fffffff 4fffffff4fffffff
0x000070000749b210:   000000004fffffff 00007ffde9207130
0x000070000749b220:   0000000000000030 0000000000000000
0x000070000749b230:   0000000000000001 000070000749b5f0
0x000070000749b240:   000070000749b250 0000000000000000
0x000070000749b250:   000000010cfbeba2 0000000000000008
0x000070000749b260:   000070000749b42f 0000000000000001
0x000070000749b270:   000070000749b290 000000010ce7f78a
0x000070000749b280:   00007ffde9207130 000070000749b2c0
0x000070000749b290:   000070000749b2b0 000000010ce7f980
0x000070000749b2a0:   0000000000000001 000000002fffffff
0x000070000749b2b0:   000070000749b740 000000010cb4c283
0x000070000749b2c0:   000000010d0f46b0 00007ffde9207130
0x000070000749b2d0:   0000000000000015 000000000000000e
0x000070000749b2e0:   000070000749b2f0 0000000000000000
0x000070000749b2f0:   4fffffff2fffffff 4fffffff00000000
0x000070000749b300:   0000000000ffffff 0000000000000000
0x000070000749b310:   000070000749b8f0 000070000749b8f8
0x000070000749b320:   0000000000000000 0000000000000005
0x000070000749b330:   0000000000000000 0000000000000030
0x000070000749b340:   0000000300000000 ffffffffffffffff
0x000070000749b350:   000070000749b42f 00007fff95e8b388
0x000070000749b360:   000070000749b3b0 00007fff6f5fb6c1
0x000070000749b370:   000070000749b490 000070000749b920
0x000070000749b380:   0000000000000000 0000000000000000
0x000070000749b390:   0000000000000025 0000000000000000 

Instructions: (pc=0x000000010ca5a490)
0x000000010ca5a390:   e8 18 eb 02 31 c0 5d c3 55 48 89 e5 48 89 f8 48
0x000000010ca5a3a0:   8b 08 48 8b 49 10 48 85 c9 74 1c 89 f2 c1 fa 1f
0x000000010ca5a3b0:   31 f2 48 63 d2 48 c1 e2 05 48 8d 7c 11 28 48 89
0x000000010ca5a3c0:   c6 5d e9 cb 6d 00 00 31 c0 5d c3 90 55 48 89 e5
0x000000010ca5a3d0:   48 8b 07 48 8b 48 10 48 85 c9 74 2d 89 f0 c1 f8
0x000000010ca5a3e0:   1f 31 f0 48 63 d0 48 c1 e2 05 48 8b 44 11 30 48
0x000000010ca5a3f0:   83 f8 00 74 14 48 83 c1 28 b8 00 00 00 02 48 23
0x000000010ca5a400:   44 11 18 48 c1 e8 19 eb 02 31 c0 5d c3 90 55 48
0x000000010ca5a410:   89 e5 48 89 f8 48 8b 08 48 8b 49 10 48 85 c9 74
0x000000010ca5a420:   1c 89 f2 c1 fa 1f 31 f2 48 63 d2 48 c1 e2 05 48
0x000000010ca5a430:   8d 7c 11 28 48 89 c6 5d e9 bd 6d 00 00 31 c0 5d
0x000000010ca5a440:   c3 90 55 48 89 e5 53 50 48 89 fb 0f b6 d2 e8 21
0x000000010ca5a450:   00 00 00 48 98 0f b7 44 c3 40 48 8b 44 c3 40 48
0x000000010ca5a460:   83 c4 08 5b 5d c3 55 48 89 e5 48 63 c6 0f b7 44
0x000000010ca5a470:   c7 40 5d c3 55 48 89 e5 84 d2 75 1e 48 8b 47 10
0x000000010ca5a480:   48 85 c0 74 15 85 f6 78 49 48 63 ce 48 c1 e1 05
0x000000010ca5a490:   48 8b 44 08 28 0f b7 f0 eb 2a 48 8b 4f 08 48 63
0x000000010ca5a4a0:   c6 8a 4c 01 04 80 f9 12 74 1d 48 8b 4f 08 8a 4c
0x000000010ca5a4b0:   01 04 80 f9 11 74 10 48 8b 4f 08 8a 4c 01 04 80
0x000000010ca5a4c0:   f9 6a 74 03 48 63 c6 48 8d 44 c7 40 0f b7 40 02
0x000000010ca5a4d0:   5d c3 f7 d6 48 63 ce 48 c1 e1 05 ba ff ff 00 00
0x000000010ca5a4e0:   48 23 54 08 28 48 8d 44 d7 40 eb e0 55 48 89 e5
0x000000010ca5a4f0:   53 50 48 89 fb 0f b6 d2 e8 77 ff ff ff 48 98 0f
0x000000010ca5a500:   b7 44 c3 42 48 8b 44 c3 40 48 83 c4 08 5b 5d c3
0x000000010ca5a510:   55 48 89 e5 48 63 c6 0f b7 44 c7 42 5d c3 55 48
0x000000010ca5a520:   89 e5 48 8b 47 10 48 63 ce 48 c1 e1 05 48 8b 44
0x000000010ca5a530:   08 28 0f b7 c0 5d c3 90 55 48 89 e5 84 d2 75 1e
0x000000010ca5a540:   48 8b 47 10 48 85 c0 74 15 85 f6 79 02 f7 d6 48
0x000000010ca5a550:   63 ce 48 c1 e1 05 48 8b 44 08 28 0f b7 f0 48 8b
0x000000010ca5a560:   47 08 48 63 ce 8a 44 08 04 5d c3 90 55 48 89 e5
0x000000010ca5a570:   41 57 41 56 53 50 41 89 d7 89 f3 49 89 fe 85 db
0x000000010ca5a580:   79 26 48 8d 3d aa 85 53 00 48 8d 15 04 86 53 00 


Stack slot to memory mapping:
stack at sp + 0 slots: 0x000070000749b1c0 points into unknown readable memory: 50 b6 49 07 00 70 00 00
stack at sp + 1 slots: 0x000000010ca5a4fd: _ZN12ConstantPool21impl_signature_ref_atEib+0x11 in /Applications/IntelliJ IDEA CE.app/Contents/jbr/Contents/Home/lib/server/libjvm.dylib at 0x000000010c800000
stack at sp + 2 slots: 0x00000001153d8000 is pointing into metadata
stack at sp + 3 slots: 0x000070000749b810 points into unknown readable memory: c8 72 0d 0d 01 00 00 00
stack at sp + 4 slots: 0x000070000749b650 points into unknown readable memory: c0 b6 49 07 00 70 00 00
stack at sp + 5 slots: 0x000000010cb4c15c: _ZN14GenerateOopMap9do_methodEiiii+0x40 in /Applications/IntelliJ IDEA CE.app/Contents/jbr/Contents/Home/lib/server/libjvm.dylib at 0x000000010c800000
stack at sp + 6 slots: 0x000000010d0f46b0: _ZTV16ComputeCallStack+0x10 in /Applications/IntelliJ IDEA CE.app/Contents/jbr/Contents/Home/lib/server/libjvm.dylib at 0x000000010c800000
stack at sp + 7 slots: 0x00007ffde50f3838 points into unknown readable memory: 27 00 ff ff 08 69 28 4c

VM_Operation (0x0000700007db9a40): GetOrSetLocal, mode: safepoint, requested by thread 0x00007ffde5054000


---------------  P R O C E S S  ---------------

Threads class SMR info:
_java_thread_list=0x00007ffde9604980, length=12, elements={
0x00007ffde6814000, 0x00007ffde7829800, 0x00007ffde7833000, 0x00007ffde6016800,
0x00007ffde680d800, 0x00007ffde680f800, 0x00007ffde6810000, 0x00007ffde5073800,
0x00007ffde5054000, 0x00007ffde980a800, 0x00007ffde683a800, 0x00007ffded031800
}

Java Threads: ( => current thread )
  0x00007ffde6814000 JavaThread "main" [_thread_blocked, id=5891, stack(0x0000700006d8a000,0x0000700006e8a000)]
  0x00007ffde7829800 JavaThread "Reference Handler" daemon [_thread_blocked, id=19715, stack(0x000070000749f000,0x000070000759f000)]
  0x00007ffde7833000 JavaThread "Finalizer" daemon [_thread_blocked, id=19203, stack(0x00007000075a2000,0x00007000076a2000)]
  0x00007ffde6016800 JavaThread "Signal Dispatcher" daemon [_thread_blocked, id=17667, stack(0x00007000077ab000,0x00007000078ab000)]
  0x00007ffde680d800 JavaThread "C2 CompilerThread0" daemon [_thread_blocked, id=17155, stack(0x00007000078ae000,0x00007000079ae000)]
  0x00007ffde680f800 JavaThread "C1 CompilerThread0" daemon [_thread_blocked, id=16387, stack(0x00007000079b1000,0x0000700007ab1000)]
  0x00007ffde6810000 JavaThread "Sweeper thread" daemon [_thread_blocked, id=43267, stack(0x0000700007ab4000,0x0000700007bb4000)]
  0x00007ffde5073800 JavaThread "Common-Cleaner" daemon [_thread_blocked, id=42755, stack(0x0000700007bb7000,0x0000700007cb7000)]
  0x00007ffde5054000 JavaThread "JDWP Transport Listener: dt_socket" daemon [_thread_blocked, id=22787, stack(0x0000700007cba000,0x0000700007dba000)] _threads_hazard_ptr=0x00007ffde9604980
  0x00007ffde980a800 JavaThread "JDWP Event Helper Thread" daemon [_thread_blocked, id=42243, stack(0x0000700007dbd000,0x0000700007ebd000)]
  0x00007ffde683a800 JavaThread "JDWP Command Reader" daemon [_thread_in_native, id=41731, stack(0x0000700007ec0000,0x0000700007fc0000)]
  0x00007ffded031800 JavaThread "Service Thread" daemon [_thread_blocked, id=24067, stack(0x0000700007fc3000,0x00007000080c3000)]

Other Threads:
=>0x00007ffde781d800 VMThread "VM Thread" [stack: 0x000070000739c000,0x000070000749c000] [id=20227]
  0x00007ffde980b800 WatcherThread [stack: 0x00007000080c6000,0x00007000081c6000] [id=24323]
  0x00007ffde5014000 GCTaskThread "GC Thread#0" [stack: 0x0000700006e8d000,0x0000700006f8d000] [id=11523]
  0x00007ffde5049000 ConcurrentGCThread "G1 Main Marker" [stack: 0x0000700006f90000,0x0000700007090000] [id=11779]
  0x00007ffde5814000 ConcurrentGCThread "G1 Conc#0" [stack: 0x0000700007093000,0x0000700007193000] [id=12803]
  0x00007ffde58bd000 ConcurrentGCThread "G1 Refine#0" [stack: 0x0000700007196000,0x0000700007296000] [id=13059]
  0x00007ffde6814800 ConcurrentGCThread "G1 Young RemSet Sampling" [stack: 0x0000700007299000,0x0000700007399000] [id=20739]

Threads with active compile tasks:

VM state:at safepoint (normal execution)

VM Mutex/Monitor currently owned by a thread:  ([mutex/lock_event])
[0x00007ffde4d05f60] Threads_lock - owner thread: 0x00007ffde781d800

Heap address: 0x0000000700000000, size: 4096 MB, Compressed Oops mode: Zero based, Oop shift amount: 3
Narrow klass base: 0x0000000800000000, Narrow klass shift: 0
Compressed class space size: 1073741824 Address: 0x0000000800000000

Heap:
 garbage-first heap   total 262144K, used 15360K [0x0000000700000000, 0x0000000800000000)
  region size 1024K, 17 young (17408K), 0 survivors (0K)
 Metaspace       used 12585K, capacity 12762K, committed 12928K, reserved 1060864K
  class space    used 1228K, capacity 1315K, committed 1408K, reserved 1048576K
Heap Regions: E=young(eden), S=young(survivor), O=old, HS=humongous(starts), HC=humongous(continues), CS=collection set, F=free, A=archive, TAMS=top-at-mark-start (previous, next)
|   0|0x0000000700000000, 0x0000000700000000, 0x0000000700100000|  0%| F|  |TAMS 0x0000000700000000, 0x0000000700000000| Untracked 
|   1|0x0000000700100000, 0x0000000700100000, 0x0000000700200000|  0%| F|  |TAMS 0x0000000700100000, 0x0000000700100000| Untracked 
|   2|0x0000000700200000, 0x0000000700200000, 0x0000000700300000|  0%| F|  |TAMS 0x0000000700200000, 0x0000000700200000| Untracked 
|   3|0x0000000700300000, 0x0000000700300000, 0x0000000700400000|  0%| F|  |TAMS 0x0000000700300000, 0x0000000700300000| Untracked 
|   4|0x0000000700400000, 0x0000000700400000, 0x0000000700500000|  0%| F|  |TAMS 0x0000000700400000, 0x0000000700400000| Untracked 
|   5|0x0000000700500000, 0x0000000700500000, 0x0000000700600000|  0%| F|  |TAMS 0x0000000700500000, 0x0000000700500000| Untracked 
|   6|0x0000000700600000, 0x0000000700600000, 0x0000000700700000|  0%| F|  |TAMS 0x0000000700600000, 0x0000000700600000| Untracked 
|   7|0x0000000700700000, 0x0000000700700000, 0x0000000700800000|  0%| F|  |TAMS 0x0000000700700000, 0x0000000700700000| Untracked 
|   8|0x0000000700800000, 0x0000000700800000, 0x0000000700900000|  0%| F|  |TAMS 0x0000000700800000, 0x0000000700800000| Untracked 
|   9|0x0000000700900000, 0x0000000700900000, 0x0000000700a00000|  0%| F|  |TAMS 0x0000000700900000, 0x0000000700900000| Untracked 
|  10|0x0000000700a00000, 0x0000000700a00000, 0x0000000700b00000|  0%| F|  |TAMS 0x0000000700a00000, 0x0000000700a00000| Untracked 
|  11|0x0000000700b00000, 0x0000000700b00000, 0x0000000700c00000|  0%| F|  |TAMS 0x0000000700b00000, 0x0000000700b00000| Untracked 
|  12|0x0000000700c00000, 0x0000000700c00000, 0x0000000700d00000|  0%| F|  |TAMS 0x0000000700c00000, 0x0000000700c00000| Untracked 
|  13|0x0000000700d00000, 0x0000000700d00000, 0x0000000700e00000|  0%| F|  |TAMS 0x0000000700d00000, 0x0000000700d00000| Untracked 
|  14|0x0000000700e00000, 0x0000000700e00000, 0x0000000700f00000|  0%| F|  |TAMS 0x0000000700e00000, 0x0000000700e00000| Untracked 
|  15|0x0000000700f00000, 0x0000000700f00000, 0x0000000701000000|  0%| F|  |TAMS 0x0000000700f00000, 0x0000000700f00000| Untracked 
|  16|0x0000000701000000, 0x0000000701000000, 0x0000000701100000|  0%| F|  |TAMS 0x0000000701000000, 0x0000000701000000| Untracked 
|  17|0x0000000701100000, 0x0000000701100000, 0x0000000701200000|  0%| F|  |TAMS 0x0000000701100000, 0x0000000701100000| Untracked 
|  18|0x0000000701200000, 0x0000000701200000, 0x0000000701300000|  0%| F|  |TAMS 0x0000000701200000, 0x0000000701200000| Untracked 
|  19|0x0000000701300000, 0x0000000701300000, 0x0000000701400000|  0%| F|  |TAMS 0x0000000701300000, 0x0000000701300000| Untracked 
|  20|0x0000000701400000, 0x0000000701400000, 0x0000000701500000|  0%| F|  |TAMS 0x0000000701400000, 0x0000000701400000| Untracked 
|  21|0x0000000701500000, 0x0000000701500000, 0x0000000701600000|  0%| F|  |TAMS 0x0000000701500000, 0x0000000701500000| Untracked 
|  22|0x0000000701600000, 0x0000000701600000, 0x0000000701700000|  0%| F|  |TAMS 0x0000000701600000, 0x0000000701600000| Untracked 
|  23|0x0000000701700000, 0x0000000701700000, 0x0000000701800000|  0%| F|  |TAMS 0x0000000701700000, 0x0000000701700000| Untracked 
|  24|0x0000000701800000, 0x0000000701800000, 0x0000000701900000|  0%| F|  |TAMS 0x0000000701800000, 0x0000000701800000| Untracked 
|  25|0x0000000701900000, 0x0000000701900000, 0x0000000701a00000|  0%| F|  |TAMS 0x0000000701900000, 0x0000000701900000| Untracked 
|  26|0x0000000701a00000, 0x0000000701a00000, 0x0000000701b00000|  0%| F|  |TAMS 0x0000000701a00000, 0x0000000701a00000| Untracked 
|  27|0x0000000701b00000, 0x0000000701b00000, 0x0000000701c00000|  0%| F|  |TAMS 0x0000000701b00000, 0x0000000701b00000| Untracked 
|  28|0x0000000701c00000, 0x0000000701c00000, 0x0000000701d00000|  0%| F|  |TAMS 0x0000000701c00000, 0x0000000701c00000| Untracked 
|  29|0x0000000701d00000, 0x0000000701d00000, 0x0000000701e00000|  0%| F|  |TAMS 0x0000000701d00000, 0x0000000701d00000| Untracked 
|  30|0x0000000701e00000, 0x0000000701e00000, 0x0000000701f00000|  0%| F|  |TAMS 0x0000000701e00000, 0x0000000701e00000| Untracked 
|  31|0x0000000701f00000, 0x0000000701f00000, 0x0000000702000000|  0%| F|  |TAMS 0x0000000701f00000, 0x0000000701f00000| Untracked 
|  32|0x0000000702000000, 0x0000000702000000, 0x0000000702100000|  0%| F|  |TAMS 0x0000000702000000, 0x0000000702000000| Untracked 
|  33|0x0000000702100000, 0x0000000702100000, 0x0000000702200000|  0%| F|  |TAMS 0x0000000702100000, 0x0000000702100000| Untracked 
|  34|0x0000000702200000, 0x0000000702200000, 0x0000000702300000|  0%| F|  |TAMS 0x0000000702200000, 0x0000000702200000| Untracked 
|  35|0x0000000702300000, 0x0000000702300000, 0x0000000702400000|  0%| F|  |TAMS 0x0000000702300000, 0x0000000702300000| Untracked 
|  36|0x0000000702400000, 0x0000000702400000, 0x0000000702500000|  0%| F|  |TAMS 0x0000000702400000, 0x0000000702400000| Untracked 
|  37|0x0000000702500000, 0x0000000702500000, 0x0000000702600000|  0%| F|  |TAMS 0x0000000702500000, 0x0000000702500000| Untracked 
|  38|0x0000000702600000, 0x0000000702600000, 0x0000000702700000|  0%| F|  |TAMS 0x0000000702600000, 0x0000000702600000| Untracked 
|  39|0x0000000702700000, 0x0000000702700000, 0x0000000702800000|  0%| F|  |TAMS 0x0000000702700000, 0x0000000702700000| Untracked 
|  40|0x0000000702800000, 0x0000000702800000, 0x0000000702900000|  0%| F|  |TAMS 0x0000000702800000, 0x0000000702800000| Untracked 
|  41|0x0000000702900000, 0x0000000702900000, 0x0000000702a00000|  0%| F|  |TAMS 0x0000000702900000, 0x0000000702900000| Untracked 
|  42|0x0000000702a00000, 0x0000000702a00000, 0x0000000702b00000|  0%| F|  |TAMS 0x0000000702a00000, 0x0000000702a00000| Untracked 
|  43|0x0000000702b00000, 0x0000000702b00000, 0x0000000702c00000|  0%| F|  |TAMS 0x0000000702b00000, 0x0000000702b00000| Untracked 
|  44|0x0000000702c00000, 0x0000000702c00000, 0x0000000702d00000|  0%| F|  |TAMS 0x0000000702c00000, 0x0000000702c00000| Untracked 
|  45|0x0000000702d00000, 0x0000000702d00000, 0x0000000702e00000|  0%| F|  |TAMS 0x0000000702d00000, 0x0000000702d00000| Untracked 
|  46|0x0000000702e00000, 0x0000000702e00000, 0x0000000702f00000|  0%| F|  |TAMS 0x0000000702e00000, 0x0000000702e00000| Untracked 
|  47|0x0000000702f00000, 0x0000000702f00000, 0x0000000703000000|  0%| F|  |TAMS 0x0000000702f00000, 0x0000000702f00000| Untracked 
|  48|0x0000000703000000, 0x0000000703000000, 0x0000000703100000|  0%| F|  |TAMS 0x0000000703000000, 0x0000000703000000| Untracked 
|  49|0x0000000703100000, 0x0000000703100000, 0x0000000703200000|  0%| F|  |TAMS 0x0000000703100000, 0x0000000703100000| Untracked 
|  50|0x0000000703200000, 0x0000000703200000, 0x0000000703300000|  0%| F|  |TAMS 0x0000000703200000, 0x0000000703200000| Untracked 
|  51|0x0000000703300000, 0x0000000703300000, 0x0000000703400000|  0%| F|  |TAMS 0x0000000703300000, 0x0000000703300000| Untracked 
|  52|0x0000000703400000, 0x0000000703400000, 0x0000000703500000|  0%| F|  |TAMS 0x0000000703400000, 0x0000000703400000| Untracked 
|  53|0x0000000703500000, 0x0000000703500000, 0x0000000703600000|  0%| F|  |TAMS 0x0000000703500000, 0x0000000703500000| Untracked 
|  54|0x0000000703600000, 0x0000000703600000, 0x0000000703700000|  0%| F|  |TAMS 0x0000000703600000, 0x0000000703600000| Untracked 
|  55|0x0000000703700000, 0x0000000703700000, 0x0000000703800000|  0%| F|  |TAMS 0x0000000703700000, 0x0000000703700000| Untracked 
|  56|0x0000000703800000, 0x0000000703800000, 0x0000000703900000|  0%| F|  |TAMS 0x0000000703800000, 0x0000000703800000| Untracked 
|  57|0x0000000703900000, 0x0000000703900000, 0x0000000703a00000|  0%| F|  |TAMS 0x0000000703900000, 0x0000000703900000| Untracked 
|  58|0x0000000703a00000, 0x0000000703a00000, 0x0000000703b00000|  0%| F|  |TAMS 0x0000000703a00000, 0x0000000703a00000| Untracked 
|  59|0x0000000703b00000, 0x0000000703b00000, 0x0000000703c00000|  0%| F|  |TAMS 0x0000000703b00000, 0x0000000703b00000| Untracked 
|  60|0x0000000703c00000, 0x0000000703c00000, 0x0000000703d00000|  0%| F|  |TAMS 0x0000000703c00000, 0x0000000703c00000| Untracked 
|  61|0x0000000703d00000, 0x0000000703d00000, 0x0000000703e00000|  0%| F|  |TAMS 0x0000000703d00000, 0x0000000703d00000| Untracked 
|  62|0x0000000703e00000, 0x0000000703e00000, 0x0000000703f00000|  0%| F|  |TAMS 0x0000000703e00000, 0x0000000703e00000| Untracked 
|  63|0x0000000703f00000, 0x0000000703f00000, 0x0000000704000000|  0%| F|  |TAMS 0x0000000703f00000, 0x0000000703f00000| Untracked 
|  64|0x0000000704000000, 0x0000000704000000, 0x0000000704100000|  0%| F|  |TAMS 0x0000000704000000, 0x0000000704000000| Untracked 
|  65|0x0000000704100000, 0x0000000704100000, 0x0000000704200000|  0%| F|  |TAMS 0x0000000704100000, 0x0000000704100000| Untracked 
|  66|0x0000000704200000, 0x0000000704200000, 0x0000000704300000|  0%| F|  |TAMS 0x0000000704200000, 0x0000000704200000| Untracked 
|  67|0x0000000704300000, 0x0000000704300000, 0x0000000704400000|  0%| F|  |TAMS 0x0000000704300000, 0x0000000704300000| Untracked 
|  68|0x0000000704400000, 0x0000000704400000, 0x0000000704500000|  0%| F|  |TAMS 0x0000000704400000, 0x0000000704400000| Untracked 
|  69|0x0000000704500000, 0x0000000704500000, 0x0000000704600000|  0%| F|  |TAMS 0x0000000704500000, 0x0000000704500000| Untracked 
|  70|0x0000000704600000, 0x0000000704600000, 0x0000000704700000|  0%| F|  |TAMS 0x0000000704600000, 0x0000000704600000| Untracked 
|  71|0x0000000704700000, 0x0000000704700000, 0x0000000704800000|  0%| F|  |TAMS 0x0000000704700000, 0x0000000704700000| Untracked 
|  72|0x0000000704800000, 0x0000000704800000, 0x0000000704900000|  0%| F|  |TAMS 0x0000000704800000, 0x0000000704800000| Untracked 
|  73|0x0000000704900000, 0x0000000704900000, 0x0000000704a00000|  0%| F|  |TAMS 0x0000000704900000, 0x0000000704900000| Untracked 
|  74|0x0000000704a00000, 0x0000000704a00000, 0x0000000704b00000|  0%| F|  |TAMS 0x0000000704a00000, 0x0000000704a00000| Untracked 
|  75|0x0000000704b00000, 0x0000000704b00000, 0x0000000704c00000|  0%| F|  |TAMS 0x0000000704b00000, 0x0000000704b00000| Untracked 
|  76|0x0000000704c00000, 0x0000000704c00000, 0x0000000704d00000|  0%| F|  |TAMS 0x0000000704c00000, 0x0000000704c00000| Untracked 
|  77|0x0000000704d00000, 0x0000000704d00000, 0x0000000704e00000|  0%| F|  |TAMS 0x0000000704d00000, 0x0000000704d00000| Untracked 
|  78|0x0000000704e00000, 0x0000000704e00000, 0x0000000704f00000|  0%| F|  |TAMS 0x0000000704e00000, 0x0000000704e00000| Untracked 
|  79|0x0000000704f00000, 0x0000000704f00000, 0x0000000705000000|  0%| F|  |TAMS 0x0000000704f00000, 0x0000000704f00000| Untracked 
|  80|0x0000000705000000, 0x0000000705000000, 0x0000000705100000|  0%| F|  |TAMS 0x0000000705000000, 0x0000000705000000| Untracked 
|  81|0x0000000705100000, 0x0000000705100000, 0x0000000705200000|  0%| F|  |TAMS 0x0000000705100000, 0x0000000705100000| Untracked 
|  82|0x0000000705200000, 0x0000000705200000, 0x0000000705300000|  0%| F|  |TAMS 0x0000000705200000, 0x0000000705200000| Untracked 
|  83|0x0000000705300000, 0x0000000705300000, 0x0000000705400000|  0%| F|  |TAMS 0x0000000705300000, 0x0000000705300000| Untracked 
|  84|0x0000000705400000, 0x0000000705400000, 0x0000000705500000|  0%| F|  |TAMS 0x0000000705400000, 0x0000000705400000| Untracked 
|  85|0x0000000705500000, 0x0000000705500000, 0x0000000705600000|  0%| F|  |TAMS 0x0000000705500000, 0x0000000705500000| Untracked 
|  86|0x0000000705600000, 0x0000000705600000, 0x0000000705700000|  0%| F|  |TAMS 0x0000000705600000, 0x0000000705600000| Untracked 
|  87|0x0000000705700000, 0x0000000705700000, 0x0000000705800000|  0%| F|  |TAMS 0x0000000705700000, 0x0000000705700000| Untracked 
|  88|0x0000000705800000, 0x0000000705800000, 0x0000000705900000|  0%| F|  |TAMS 0x0000000705800000, 0x0000000705800000| Untracked 
|  89|0x0000000705900000, 0x0000000705900000, 0x0000000705a00000|  0%| F|  |TAMS 0x0000000705900000, 0x0000000705900000| Untracked 
|  90|0x0000000705a00000, 0x0000000705a00000, 0x0000000705b00000|  0%| F|  |TAMS 0x0000000705a00000, 0x0000000705a00000| Untracked 
|  91|0x0000000705b00000, 0x0000000705b00000, 0x0000000705c00000|  0%| F|  |TAMS 0x0000000705b00000, 0x0000000705b00000| Untracked 
|  92|0x0000000705c00000, 0x0000000705c00000, 0x0000000705d00000|  0%| F|  |TAMS 0x0000000705c00000, 0x0000000705c00000| Untracked 
|  93|0x0000000705d00000, 0x0000000705d00000, 0x0000000705e00000|  0%| F|  |TAMS 0x0000000705d00000, 0x0000000705d00000| Untracked 
|  94|0x0000000705e00000, 0x0000000705e00000, 0x0000000705f00000|  0%| F|  |TAMS 0x0000000705e00000, 0x0000000705e00000| Untracked 
|  95|0x0000000705f00000, 0x0000000705f00000, 0x0000000706000000|  0%| F|  |TAMS 0x0000000705f00000, 0x0000000705f00000| Untracked 
|  96|0x0000000706000000, 0x0000000706000000, 0x0000000706100000|  0%| F|  |TAMS 0x0000000706000000, 0x0000000706000000| Untracked 
|  97|0x0000000706100000, 0x0000000706100000, 0x0000000706200000|  0%| F|  |TAMS 0x0000000706100000, 0x0000000706100000| Untracked 
|  98|0x0000000706200000, 0x0000000706200000, 0x0000000706300000|  0%| F|  |TAMS 0x0000000706200000, 0x0000000706200000| Untracked 
|  99|0x0000000706300000, 0x0000000706300000, 0x0000000706400000|  0%| F|  |TAMS 0x0000000706300000, 0x0000000706300000| Untracked 
| 100|0x0000000706400000, 0x0000000706400000, 0x0000000706500000|  0%| F|  |TAMS 0x0000000706400000, 0x0000000706400000| Untracked 
| 101|0x0000000706500000, 0x0000000706500000, 0x0000000706600000|  0%| F|  |TAMS 0x0000000706500000, 0x0000000706500000| Untracked 
| 102|0x0000000706600000, 0x0000000706600000, 0x0000000706700000|  0%| F|  |TAMS 0x0000000706600000, 0x0000000706600000| Untracked 
| 103|0x0000000706700000, 0x0000000706700000, 0x0000000706800000|  0%| F|  |TAMS 0x0000000706700000, 0x0000000706700000| Untracked 
| 104|0x0000000706800000, 0x0000000706800000, 0x0000000706900000|  0%| F|  |TAMS 0x0000000706800000, 0x0000000706800000| Untracked 
| 105|0x0000000706900000, 0x0000000706900000, 0x0000000706a00000|  0%| F|  |TAMS 0x0000000706900000, 0x0000000706900000| Untracked 
| 106|0x0000000706a00000, 0x0000000706a00000, 0x0000000706b00000|  0%| F|  |TAMS 0x0000000706a00000, 0x0000000706a00000| Untracked 
| 107|0x0000000706b00000, 0x0000000706b00000, 0x0000000706c00000|  0%| F|  |TAMS 0x0000000706b00000, 0x0000000706b00000| Untracked 
| 108|0x0000000706c00000, 0x0000000706c00000, 0x0000000706d00000|  0%| F|  |TAMS 0x0000000706c00000, 0x0000000706c00000| Untracked 
| 109|0x0000000706d00000, 0x0000000706d00000, 0x0000000706e00000|  0%| F|  |TAMS 0x0000000706d00000, 0x0000000706d00000| Untracked 
| 110|0x0000000706e00000, 0x0000000706e00000, 0x0000000706f00000|  0%| F|  |TAMS 0x0000000706e00000, 0x0000000706e00000| Untracked 
| 111|0x0000000706f00000, 0x0000000706f00000, 0x0000000707000000|  0%| F|  |TAMS 0x0000000706f00000, 0x0000000706f00000| Untracked 
| 112|0x0000000707000000, 0x0000000707000000, 0x0000000707100000|  0%| F|  |TAMS 0x0000000707000000, 0x0000000707000000| Untracked 
| 113|0x0000000707100000, 0x0000000707100000, 0x0000000707200000|  0%| F|  |TAMS 0x0000000707100000, 0x0000000707100000| Untracked 
| 114|0x0000000707200000, 0x0000000707200000, 0x0000000707300000|  0%| F|  |TAMS 0x0000000707200000, 0x0000000707200000| Untracked 
| 115|0x0000000707300000, 0x0000000707300000, 0x0000000707400000|  0%| F|  |TAMS 0x0000000707300000, 0x0000000707300000| Untracked 
| 116|0x0000000707400000, 0x0000000707400000, 0x0000000707500000|  0%| F|  |TAMS 0x0000000707400000, 0x0000000707400000| Untracked 
| 117|0x0000000707500000, 0x0000000707500000, 0x0000000707600000|  0%| F|  |TAMS 0x0000000707500000, 0x0000000707500000| Untracked 
| 118|0x0000000707600000, 0x0000000707600000, 0x0000000707700000|  0%| F|  |TAMS 0x0000000707600000, 0x0000000707600000| Untracked 
| 119|0x0000000707700000, 0x0000000707700000, 0x0000000707800000|  0%| F|  |TAMS 0x0000000707700000, 0x0000000707700000| Untracked 
| 120|0x0000000707800000, 0x0000000707800000, 0x0000000707900000|  0%| F|  |TAMS 0x0000000707800000, 0x0000000707800000| Untracked 
| 121|0x0000000707900000, 0x0000000707900000, 0x0000000707a00000|  0%| F|  |TAMS 0x0000000707900000, 0x0000000707900000| Untracked 
| 122|0x0000000707a00000, 0x0000000707a00000, 0x0000000707b00000|  0%| F|  |TAMS 0x0000000707a00000, 0x0000000707a00000| Untracked 
| 123|0x0000000707b00000, 0x0000000707b00000, 0x0000000707c00000|  0%| F|  |TAMS 0x0000000707b00000, 0x0000000707b00000| Untracked 
| 124|0x0000000707c00000, 0x0000000707c00000, 0x0000000707d00000|  0%| F|  |TAMS 0x0000000707c00000, 0x0000000707c00000| Untracked 
| 125|0x0000000707d00000, 0x0000000707d00000, 0x0000000707e00000|  0%| F|  |TAMS 0x0000000707d00000, 0x0000000707d00000| Untracked 
| 126|0x0000000707e00000, 0x0000000707e00000, 0x0000000707f00000|  0%| F|  |TAMS 0x0000000707e00000, 0x0000000707e00000| Untracked 
| 127|0x0000000707f00000, 0x0000000707f00000, 0x0000000708000000|  0%| F|  |TAMS 0x0000000707f00000, 0x0000000707f00000| Untracked 
| 128|0x0000000708000000, 0x0000000708000000, 0x0000000708100000|  0%| F|  |TAMS 0x0000000708000000, 0x0000000708000000| Untracked 
| 129|0x0000000708100000, 0x0000000708100000, 0x0000000708200000|  0%| F|  |TAMS 0x0000000708100000, 0x0000000708100000| Untracked 
| 130|0x0000000708200000, 0x0000000708200000, 0x0000000708300000|  0%| F|  |TAMS 0x0000000708200000, 0x0000000708200000| Untracked 
| 131|0x0000000708300000, 0x0000000708300000, 0x0000000708400000|  0%| F|  |TAMS 0x0000000708300000, 0x0000000708300000| Untracked 
| 132|0x0000000708400000, 0x0000000708400000, 0x0000000708500000|  0%| F|  |TAMS 0x0000000708400000, 0x0000000708400000| Untracked 
| 133|0x0000000708500000, 0x0000000708500000, 0x0000000708600000|  0%| F|  |TAMS 0x0000000708500000, 0x0000000708500000| Untracked 
| 134|0x0000000708600000, 0x0000000708600000, 0x0000000708700000|  0%| F|  |TAMS 0x0000000708600000, 0x0000000708600000| Untracked 
| 135|0x0000000708700000, 0x0000000708700000, 0x0000000708800000|  0%| F|  |TAMS 0x0000000708700000, 0x0000000708700000| Untracked 
| 136|0x0000000708800000, 0x0000000708800000, 0x0000000708900000|  0%| F|  |TAMS 0x0000000708800000, 0x0000000708800000| Untracked 
| 137|0x0000000708900000, 0x0000000708900000, 0x0000000708a00000|  0%| F|  |TAMS 0x0000000708900000, 0x0000000708900000| Untracked 
| 138|0x0000000708a00000, 0x0000000708a00000, 0x0000000708b00000|  0%| F|  |TAMS 0x0000000708a00000, 0x0000000708a00000| Untracked 
| 139|0x0000000708b00000, 0x0000000708b00000, 0x0000000708c00000|  0%| F|  |TAMS 0x0000000708b00000, 0x0000000708b00000| Untracked 
| 140|0x0000000708c00000, 0x0000000708c00000, 0x0000000708d00000|  0%| F|  |TAMS 0x0000000708c00000, 0x0000000708c00000| Untracked 
| 141|0x0000000708d00000, 0x0000000708d00000, 0x0000000708e00000|  0%| F|  |TAMS 0x0000000708d00000, 0x0000000708d00000| Untracked 
| 142|0x0000000708e00000, 0x0000000708e00000, 0x0000000708f00000|  0%| F|  |TAMS 0x0000000708e00000, 0x0000000708e00000| Untracked 
| 143|0x0000000708f00000, 0x0000000708f00000, 0x0000000709000000|  0%| F|  |TAMS 0x0000000708f00000, 0x0000000708f00000| Untracked 
| 144|0x0000000709000000, 0x0000000709000000, 0x0000000709100000|  0%| F|  |TAMS 0x0000000709000000, 0x0000000709000000| Untracked 
| 145|0x0000000709100000, 0x0000000709100000, 0x0000000709200000|  0%| F|  |TAMS 0x0000000709100000, 0x0000000709100000| Untracked 
| 146|0x0000000709200000, 0x0000000709200000, 0x0000000709300000|  0%| F|  |TAMS 0x0000000709200000, 0x0000000709200000| Untracked 
| 147|0x0000000709300000, 0x0000000709300000, 0x0000000709400000|  0%| F|  |TAMS 0x0000000709300000, 0x0000000709300000| Untracked 
| 148|0x0000000709400000, 0x0000000709400000, 0x0000000709500000|  0%| F|  |TAMS 0x0000000709400000, 0x0000000709400000| Untracked 
| 149|0x0000000709500000, 0x0000000709500000, 0x0000000709600000|  0%| F|  |TAMS 0x0000000709500000, 0x0000000709500000| Untracked 
| 150|0x0000000709600000, 0x0000000709600000, 0x0000000709700000|  0%| F|  |TAMS 0x0000000709600000, 0x0000000709600000| Untracked 
| 151|0x0000000709700000, 0x0000000709700000, 0x0000000709800000|  0%| F|  |TAMS 0x0000000709700000, 0x0000000709700000| Untracked 
| 152|0x0000000709800000, 0x0000000709800000, 0x0000000709900000|  0%| F|  |TAMS 0x0000000709800000, 0x0000000709800000| Untracked 
| 153|0x0000000709900000, 0x0000000709900000, 0x0000000709a00000|  0%| F|  |TAMS 0x0000000709900000, 0x0000000709900000| Untracked 
| 154|0x0000000709a00000, 0x0000000709a00000, 0x0000000709b00000|  0%| F|  |TAMS 0x0000000709a00000, 0x0000000709a00000| Untracked 
| 155|0x0000000709b00000, 0x0000000709b00000, 0x0000000709c00000|  0%| F|  |TAMS 0x0000000709b00000, 0x0000000709b00000| Untracked 
| 156|0x0000000709c00000, 0x0000000709c00000, 0x0000000709d00000|  0%| F|  |TAMS 0x0000000709c00000, 0x0000000709c00000| Untracked 
| 157|0x0000000709d00000, 0x0000000709d00000, 0x0000000709e00000|  0%| F|  |TAMS 0x0000000709d00000, 0x0000000709d00000| Untracked 
| 158|0x0000000709e00000, 0x0000000709e00000, 0x0000000709f00000|  0%| F|  |TAMS 0x0000000709e00000, 0x0000000709e00000| Untracked 
| 159|0x0000000709f00000, 0x0000000709f00000, 0x000000070a000000|  0%| F|  |TAMS 0x0000000709f00000, 0x0000000709f00000| Untracked 
| 160|0x000000070a000000, 0x000000070a000000, 0x000000070a100000|  0%| F|  |TAMS 0x000000070a000000, 0x000000070a000000| Untracked 
| 161|0x000000070a100000, 0x000000070a100000, 0x000000070a200000|  0%| F|  |TAMS 0x000000070a100000, 0x000000070a100000| Untracked 
| 162|0x000000070a200000, 0x000000070a200000, 0x000000070a300000|  0%| F|  |TAMS 0x000000070a200000, 0x000000070a200000| Untracked 
| 163|0x000000070a300000, 0x000000070a300000, 0x000000070a400000|  0%| F|  |TAMS 0x000000070a300000, 0x000000070a300000| Untracked 
| 164|0x000000070a400000, 0x000000070a400000, 0x000000070a500000|  0%| F|  |TAMS 0x000000070a400000, 0x000000070a400000| Untracked 
| 165|0x000000070a500000, 0x000000070a500000, 0x000000070a600000|  0%| F|  |TAMS 0x000000070a500000, 0x000000070a500000| Untracked 
| 166|0x000000070a600000, 0x000000070a600000, 0x000000070a700000|  0%| F|  |TAMS 0x000000070a600000, 0x000000070a600000| Untracked 
| 167|0x000000070a700000, 0x000000070a700000, 0x000000070a800000|  0%| F|  |TAMS 0x000000070a700000, 0x000000070a700000| Untracked 
| 168|0x000000070a800000, 0x000000070a800000, 0x000000070a900000|  0%| F|  |TAMS 0x000000070a800000, 0x000000070a800000| Untracked 
| 169|0x000000070a900000, 0x000000070a900000, 0x000000070aa00000|  0%| F|  |TAMS 0x000000070a900000, 0x000000070a900000| Untracked 
| 170|0x000000070aa00000, 0x000000070aa00000, 0x000000070ab00000|  0%| F|  |TAMS 0x000000070aa00000, 0x000000070aa00000| Untracked 
| 171|0x000000070ab00000, 0x000000070ab00000, 0x000000070ac00000|  0%| F|  |TAMS 0x000000070ab00000, 0x000000070ab00000| Untracked 
| 172|0x000000070ac00000, 0x000000070ac00000, 0x000000070ad00000|  0%| F|  |TAMS 0x000000070ac00000, 0x000000070ac00000| Untracked 
| 173|0x000000070ad00000, 0x000000070ad00000, 0x000000070ae00000|  0%| F|  |TAMS 0x000000070ad00000, 0x000000070ad00000| Untracked 
| 174|0x000000070ae00000, 0x000000070ae00000, 0x000000070af00000|  0%| F|  |TAMS 0x000000070ae00000, 0x000000070ae00000| Untracked 
| 175|0x000000070af00000, 0x000000070af00000, 0x000000070b000000|  0%| F|  |TAMS 0x000000070af00000, 0x000000070af00000| Untracked 
| 176|0x000000070b000000, 0x000000070b000000, 0x000000070b100000|  0%| F|  |TAMS 0x000000070b000000, 0x000000070b000000| Untracked 
| 177|0x000000070b100000, 0x000000070b100000, 0x000000070b200000|  0%| F|  |TAMS 0x000000070b100000, 0x000000070b100000| Untracked 
| 178|0x000000070b200000, 0x000000070b200000, 0x000000070b300000|  0%| F|  |TAMS 0x000000070b200000, 0x000000070b200000| Untracked 
| 179|0x000000070b300000, 0x000000070b300000, 0x000000070b400000|  0%| F|  |TAMS 0x000000070b300000, 0x000000070b300000| Untracked 
| 180|0x000000070b400000, 0x000000070b400000, 0x000000070b500000|  0%| F|  |TAMS 0x000000070b400000, 0x000000070b400000| Untracked 
| 181|0x000000070b500000, 0x000000070b500000, 0x000000070b600000|  0%| F|  |TAMS 0x000000070b500000, 0x000000070b500000| Untracked 
| 182|0x000000070b600000, 0x000000070b600000, 0x000000070b700000|  0%| F|  |TAMS 0x000000070b600000, 0x000000070b600000| Untracked 
| 183|0x000000070b700000, 0x000000070b700000, 0x000000070b800000|  0%| F|  |TAMS 0x000000070b700000, 0x000000070b700000| Untracked 
| 184|0x000000070b800000, 0x000000070b800000, 0x000000070b900000|  0%| F|  |TAMS 0x000000070b800000, 0x000000070b800000| Untracked 
| 185|0x000000070b900000, 0x000000070b900000, 0x000000070ba00000|  0%| F|  |TAMS 0x000000070b900000, 0x000000070b900000| Untracked 
| 186|0x000000070ba00000, 0x000000070ba00000, 0x000000070bb00000|  0%| F|  |TAMS 0x000000070ba00000, 0x000000070ba00000| Untracked 
| 187|0x000000070bb00000, 0x000000070bb00000, 0x000000070bc00000|  0%| F|  |TAMS 0x000000070bb00000, 0x000000070bb00000| Untracked 
| 188|0x000000070bc00000, 0x000000070bc00000, 0x000000070bd00000|  0%| F|  |TAMS 0x000000070bc00000, 0x000000070bc00000| Untracked 
| 189|0x000000070bd00000, 0x000000070bd00000, 0x000000070be00000|  0%| F|  |TAMS 0x000000070bd00000, 0x000000070bd00000| Untracked 
| 190|0x000000070be00000, 0x000000070be00000, 0x000000070bf00000|  0%| F|  |TAMS 0x000000070be00000, 0x000000070be00000| Untracked 
| 191|0x000000070bf00000, 0x000000070bf00000, 0x000000070c000000|  0%| F|  |TAMS 0x000000070bf00000, 0x000000070bf00000| Untracked 
| 192|0x000000070c000000, 0x000000070c000000, 0x000000070c100000|  0%| F|  |TAMS 0x000000070c000000, 0x000000070c000000| Untracked 
| 193|0x000000070c100000, 0x000000070c100000, 0x000000070c200000|  0%| F|  |TAMS 0x000000070c100000, 0x000000070c100000| Untracked 
| 194|0x000000070c200000, 0x000000070c200000, 0x000000070c300000|  0%| F|  |TAMS 0x000000070c200000, 0x000000070c200000| Untracked 
| 195|0x000000070c300000, 0x000000070c300000, 0x000000070c400000|  0%| F|  |TAMS 0x000000070c300000, 0x000000070c300000| Untracked 
| 196|0x000000070c400000, 0x000000070c400000, 0x000000070c500000|  0%| F|  |TAMS 0x000000070c400000, 0x000000070c400000| Untracked 
| 197|0x000000070c500000, 0x000000070c500000, 0x000000070c600000|  0%| F|  |TAMS 0x000000070c500000, 0x000000070c500000| Untracked 
| 198|0x000000070c600000, 0x000000070c600000, 0x000000070c700000|  0%| F|  |TAMS 0x000000070c600000, 0x000000070c600000| Untracked 
| 199|0x000000070c700000, 0x000000070c700000, 0x000000070c800000|  0%| F|  |TAMS 0x000000070c700000, 0x000000070c700000| Untracked 
| 200|0x000000070c800000, 0x000000070c800000, 0x000000070c900000|  0%| F|  |TAMS 0x000000070c800000, 0x000000070c800000| Untracked 
| 201|0x000000070c900000, 0x000000070c900000, 0x000000070ca00000|  0%| F|  |TAMS 0x000000070c900000, 0x000000070c900000| Untracked 
| 202|0x000000070ca00000, 0x000000070ca00000, 0x000000070cb00000|  0%| F|  |TAMS 0x000000070ca00000, 0x000000070ca00000| Untracked 
| 203|0x000000070cb00000, 0x000000070cb00000, 0x000000070cc00000|  0%| F|  |TAMS 0x000000070cb00000, 0x000000070cb00000| Untracked 
| 204|0x000000070cc00000, 0x000000070cc00000, 0x000000070cd00000|  0%| F|  |TAMS 0x000000070cc00000, 0x000000070cc00000| Untracked 
| 205|0x000000070cd00000, 0x000000070cd00000, 0x000000070ce00000|  0%| F|  |TAMS 0x000000070cd00000, 0x000000070cd00000| Untracked 
| 206|0x000000070ce00000, 0x000000070ce00000, 0x000000070cf00000|  0%| F|  |TAMS 0x000000070ce00000, 0x000000070ce00000| Untracked 
| 207|0x000000070cf00000, 0x000000070cf00000, 0x000000070d000000|  0%| F|  |TAMS 0x000000070cf00000, 0x000000070cf00000| Untracked 
| 208|0x000000070d000000, 0x000000070d000000, 0x000000070d100000|  0%| F|  |TAMS 0x000000070d000000, 0x000000070d000000| Untracked 
| 209|0x000000070d100000, 0x000000070d100000, 0x000000070d200000|  0%| F|  |TAMS 0x000000070d100000, 0x000000070d100000| Untracked 
| 210|0x000000070d200000, 0x000000070d200000, 0x000000070d300000|  0%| F|  |TAMS 0x000000070d200000, 0x000000070d200000| Untracked 
| 211|0x000000070d300000, 0x000000070d300000, 0x000000070d400000|  0%| F|  |TAMS 0x000000070d300000, 0x000000070d300000| Untracked 
| 212|0x000000070d400000, 0x000000070d400000, 0x000000070d500000|  0%| F|  |TAMS 0x000000070d400000, 0x000000070d400000| Untracked 
| 213|0x000000070d500000, 0x000000070d500000, 0x000000070d600000|  0%| F|  |TAMS 0x000000070d500000, 0x000000070d500000| Untracked 
| 214|0x000000070d600000, 0x000000070d600000, 0x000000070d700000|  0%| F|  |TAMS 0x000000070d600000, 0x000000070d600000| Untracked 
| 215|0x000000070d700000, 0x000000070d700000, 0x000000070d800000|  0%| F|  |TAMS 0x000000070d700000, 0x000000070d700000| Untracked 
| 216|0x000000070d800000, 0x000000070d800000, 0x000000070d900000|  0%| F|  |TAMS 0x000000070d800000, 0x000000070d800000| Untracked 
| 217|0x000000070d900000, 0x000000070d900000, 0x000000070da00000|  0%| F|  |TAMS 0x000000070d900000, 0x000000070d900000| Untracked 
| 218|0x000000070da00000, 0x000000070da00000, 0x000000070db00000|  0%| F|  |TAMS 0x000000070da00000, 0x000000070da00000| Untracked 
| 219|0x000000070db00000, 0x000000070db00000, 0x000000070dc00000|  0%| F|  |TAMS 0x000000070db00000, 0x000000070db00000| Untracked 
| 220|0x000000070dc00000, 0x000000070dc00000, 0x000000070dd00000|  0%| F|  |TAMS 0x000000070dc00000, 0x000000070dc00000| Untracked 
| 221|0x000000070dd00000, 0x000000070dd00000, 0x000000070de00000|  0%| F|  |TAMS 0x000000070dd00000, 0x000000070dd00000| Untracked 
| 222|0x000000070de00000, 0x000000070de00000, 0x000000070df00000|  0%| F|  |TAMS 0x000000070de00000, 0x000000070de00000| Untracked 
| 223|0x000000070df00000, 0x000000070df00000, 0x000000070e000000|  0%| F|  |TAMS 0x000000070df00000, 0x000000070df00000| Untracked 
| 224|0x000000070e000000, 0x000000070e000000, 0x000000070e100000|  0%| F|  |TAMS 0x000000070e000000, 0x000000070e000000| Untracked 
| 225|0x000000070e100000, 0x000000070e100000, 0x000000070e200000|  0%| F|  |TAMS 0x000000070e100000, 0x000000070e100000| Untracked 
| 226|0x000000070e200000, 0x000000070e200000, 0x000000070e300000|  0%| F|  |TAMS 0x000000070e200000, 0x000000070e200000| Untracked 
| 227|0x000000070e300000, 0x000000070e300000, 0x000000070e400000|  0%| F|  |TAMS 0x000000070e300000, 0x000000070e300000| Untracked 
| 228|0x000000070e400000, 0x000000070e400000, 0x000000070e500000|  0%| F|  |TAMS 0x000000070e400000, 0x000000070e400000| Untracked 
| 229|0x000000070e500000, 0x000000070e500000, 0x000000070e600000|  0%| F|  |TAMS 0x000000070e500000, 0x000000070e500000| Untracked 
| 230|0x000000070e600000, 0x000000070e600000, 0x000000070e700000|  0%| F|  |TAMS 0x000000070e600000, 0x000000070e600000| Untracked 
| 231|0x000000070e700000, 0x000000070e700000, 0x000000070e800000|  0%| F|  |TAMS 0x000000070e700000, 0x000000070e700000| Untracked 
| 232|0x000000070e800000, 0x000000070e800000, 0x000000070e900000|  0%| F|  |TAMS 0x000000070e800000, 0x000000070e800000| Untracked 
| 233|0x000000070e900000, 0x000000070e900000, 0x000000070ea00000|  0%| F|  |TAMS 0x000000070e900000, 0x000000070e900000| Untracked 
| 234|0x000000070ea00000, 0x000000070ea00000, 0x000000070eb00000|  0%| F|  |TAMS 0x000000070ea00000, 0x000000070ea00000| Untracked 
| 235|0x000000070eb00000, 0x000000070eb00000, 0x000000070ec00000|  0%| F|  |TAMS 0x000000070eb00000, 0x000000070eb00000| Untracked 
| 236|0x000000070ec00000, 0x000000070ec00000, 0x000000070ed00000|  0%| F|  |TAMS 0x000000070ec00000, 0x000000070ec00000| Untracked 
| 237|0x000000070ed00000, 0x000000070ed00000, 0x000000070ee00000|  0%| F|  |TAMS 0x000000070ed00000, 0x000000070ed00000| Untracked 
| 238|0x000000070ee00000, 0x000000070ee00000, 0x000000070ef00000|  0%| F|  |TAMS 0x000000070ee00000, 0x000000070ee00000| Untracked 
| 239|0x000000070ef00000, 0x000000070eff8f10, 0x000000070f000000| 97%| E|  |TAMS 0x000000070ef00000, 0x000000070ef00000| Complete 
| 240|0x000000070f000000, 0x000000070f100000, 0x000000070f100000|100%| E|CS|TAMS 0x000000070f000000, 0x000000070f000000| Complete 
| 241|0x000000070f100000, 0x000000070f200000, 0x000000070f200000|100%| E|CS|TAMS 0x000000070f100000, 0x000000070f100000| Complete 
| 242|0x000000070f200000, 0x000000070f300000, 0x000000070f300000|100%| E|CS|TAMS 0x000000070f200000, 0x000000070f200000| Complete 
| 243|0x000000070f300000, 0x000000070f400000, 0x000000070f400000|100%| E|CS|TAMS 0x000000070f300000, 0x000000070f300000| Complete 
| 244|0x000000070f400000, 0x000000070f500000, 0x000000070f500000|100%| E|CS|TAMS 0x000000070f400000, 0x000000070f400000| Complete 
| 245|0x000000070f500000, 0x000000070f600000, 0x000000070f600000|100%| E|CS|TAMS 0x000000070f500000, 0x000000070f500000| Complete 
| 246|0x000000070f600000, 0x000000070f700000, 0x000000070f700000|100%| E|  |TAMS 0x000000070f600000, 0x000000070f600000| Complete 
| 247|0x000000070f700000, 0x000000070f800000, 0x000000070f800000|100%| E|CS|TAMS 0x000000070f700000, 0x000000070f700000| Complete 
| 248|0x000000070f800000, 0x000000070f900000, 0x000000070f900000|100%| E|CS|TAMS 0x000000070f800000, 0x000000070f800000| Complete 
| 249|0x000000070f900000, 0x000000070fa00000, 0x000000070fa00000|100%| E|CS|TAMS 0x000000070f900000, 0x000000070f900000| Complete 
| 250|0x000000070fa00000, 0x000000070fb00000, 0x000000070fb00000|100%| E|CS|TAMS 0x000000070fa00000, 0x000000070fa00000| Complete 
| 251|0x000000070fb00000, 0x000000070fc00000, 0x000000070fc00000|100%| E|CS|TAMS 0x000000070fb00000, 0x000000070fb00000| Complete 
| 252|0x000000070fc00000, 0x000000070fd00000, 0x000000070fd00000|100%| E|CS|TAMS 0x000000070fc00000, 0x000000070fc00000| Complete 
| 253|0x000000070fd00000, 0x000000070fe00000, 0x000000070fe00000|100%| E|CS|TAMS 0x000000070fd00000, 0x000000070fd00000| Complete 
| 254|0x000000070fe00000, 0x000000070ff00000, 0x000000070ff00000|100%| E|CS|TAMS 0x000000070fe00000, 0x000000070fe00000| Complete 
| 255|0x000000070ff00000, 0x0000000710000000, 0x0000000710000000|100%| E|CS|TAMS 0x000000070ff00000, 0x000000070ff00000| Complete 

Card table byte_map: [0x00000001120ae000,0x00000001128ae000] _byte_map_base: 0x000000010e8ae000

Marking Bits (Prev, Next): (CMBitMap*) 0x00007ffde5038618, (CMBitMap*) 0x00007ffde5038650
 Prev Bits: [0x00000001245a7000, 0x00000001285a7000)
 Next Bits: [0x00000001285a7000, 0x000000012c5a7000)

Polling page: 0x000000010aff1000

Metaspace:

Usage:
  Non-class:     11.18 MB capacity,    11.09 MB (>99%) used,    73.23 KB ( <1%) free+waste,    16.62 KB ( <1%) overhead. 
      Class:      1.28 MB capacity,     1.20 MB ( 93%) used,    79.68 KB (  6%) free+waste,     7.25 KB ( <1%) overhead. 
       Both:     12.46 MB capacity,    12.29 MB ( 99%) used,   152.91 KB (  1%) free+waste,    23.88 KB ( <1%) overhead. 

Virtual space:
  Non-class space:       12.00 MB reserved,      11.25 MB ( 94%) committed 
      Class space:        1.00 GB reserved,       1.38 MB ( <1%) committed 
             Both:        1.01 GB reserved,      12.62 MB (  1%) committed 

Chunk freelists:
   Non-Class:  29.00 KB
       Class:  29.00 KB
        Both:  58.00 KB

MaxMetaspaceSize: unlimited
CompressedClassSpaceSize: 1.00 GB

CodeHeap 'non-profiled nmethods': size=120032Kb used=292Kb max_used=292Kb free=119739Kb
 bounds [0x000000011d06f000, 0x000000011d2df000, 0x00000001245a7000]
CodeHeap 'profiled nmethods': size=120028Kb used=1793Kb max_used=1793Kb free=118235Kb
 bounds [0x0000000115b38000, 0x0000000115da8000, 0x000000011d06f000]
CodeHeap 'non-nmethods': size=5700Kb used=1144Kb max_used=1158Kb free=4555Kb
 bounds [0x00000001155a7000, 0x0000000115817000, 0x0000000115b38000]
 total_blobs=1535 nmethods=937 adapters=302
 compilation: enabled
              stopped_count=0, restarted_count=0
 full_count=0

Compilation events (20 events):
Event: 0.933 Thread 0x00007ffde680f800 nmethod 928 0x0000000115cf3090 code [0x0000000115cf3260, 0x0000000115cf3628]
Event: 0.935 Thread 0x00007ffde680d800 nmethod 926 0x000000011d0b7410 code [0x000000011d0b75c0, 0x000000011d0b78c8]
Event: 0.943 Thread 0x00007ffde680f800  929       3       java.lang.Integer::hashCode (8 bytes)
Event: 0.943 Thread 0x00007ffde680f800 nmethod 929 0x0000000115cf3790 code [0x0000000115cf3940, 0x0000000115cf3af0]
Event: 0.943 Thread 0x00007ffde680f800  930       3       java.lang.Integer::hashCode (2 bytes)
Event: 0.943 Thread 0x00007ffde680f800 nmethod 930 0x0000000115cf3b90 code [0x0000000115cf3d40, 0x0000000115cf3e70]
Event: 0.943 Thread 0x00007ffde680f800  931       3       java.util.zip.ZipFile$ZipFileInputStream::initDataOffset (109 bytes)
Event: 0.944 Thread 0x00007ffde680f800 nmethod 931 0x0000000115cf3f10 code [0x0000000115cf4160, 0x0000000115cf4968]
Event: 0.944 Thread 0x00007ffde680f800  932   !   3       java.util.zip.ZipFile$Source::readAt (39 bytes)
Event: 0.944 Thread 0x00007ffde680f800 nmethod 932 0x0000000115cf4c90 code [0x0000000115cf4ea0, 0x0000000115cf54e8]
Event: 0.948 Thread 0x00007ffde680f800  934       3       java.util.WeakHashMap::put (162 bytes)
Event: 0.948 Thread 0x00007ffde680f800 nmethod 934 0x0000000115cf5810 code [0x0000000115cf5aa0, 0x0000000115cf6b58]
Event: 0.948 Thread 0x00007ffde680f800  933       3       java.util.Collections$SetFromMap::add (22 bytes)
Event: 0.949 Thread 0x00007ffde680f800 nmethod 933 0x0000000115cf7090 code [0x0000000115cf7260, 0x0000000115cf7508]
Event: 0.949 Thread 0x00007ffde680f800  935   !   3       java.util.zip.Inflater::needsInput (55 bytes)
Event: 0.949 Thread 0x00007ffde680f800 nmethod 935 0x0000000115cf7610 code [0x0000000115cf77e0, 0x0000000115cf7cd0]
Event: 0.950 Thread 0x00007ffde680d800  936       4       java.io.UnixFileSystem::normalize (75 bytes)
Event: 0.952 Thread 0x00007ffde680f800  937       3       com.intellij.rt.execution.junit.MapSerializerUtil$1::escape (124 bytes)
Event: 0.952 Thread 0x00007ffde680f800 nmethod 937 0x0000000115cf7e10 code [0x0000000115cf7fe0, 0x0000000115cf8370]
Event: 0.952 Thread 0x00007ffde680d800 nmethod 936 0x000000011d0b7b90 code [0x000000011d0b7d40, 0x000000011d0b8068]

GC Heap History (0 events):
No events

Deoptimization events (20 events):
Event: 0.604 Thread 0x00007ffde6814000 DEOPT PACKING pc=0x0000000115c04092 sp=0x0000700006e880c0
Event: 0.604 Thread 0x00007ffde6814000 DEOPT UNPACKING pc=0x00000001155dffba sp=0x0000700006e87540 mode 0
Event: 0.609 Thread 0x00007ffde6814000 DEOPT PACKING pc=0x0000000115b85d7a sp=0x0000700006e88940
Event: 0.609 Thread 0x00007ffde6814000 DEOPT UNPACKING pc=0x00000001155dffba sp=0x0000700006e87de8 mode 0
Event: 0.611 Thread 0x00007ffde6814000 DEOPT PACKING pc=0x0000000115c040f0 sp=0x0000700006e880e0
Event: 0.611 Thread 0x00007ffde6814000 DEOPT UNPACKING pc=0x00000001155dffba sp=0x0000700006e87560 mode 0
Event: 0.847 Thread 0x00007ffde6814000 Uncommon trap: trap_request=0xffffffde fr.pc=0x000000011d0a9af8 relative=0x0000000000001318
Event: 0.847 Thread 0x00007ffde6814000 Uncommon trap: reason=class_check action=maybe_recompile pc=0x000000011d0a9af8 method=java.util.HashMap.putVal(ILjava/lang/Object;Ljava/lang/Object;ZZ)Ljava/lang/Object; @ 203 c2
Event: 0.847 Thread 0x00007ffde6814000 DEOPT PACKING pc=0x000000011d0a9af8 sp=0x0000700006e88b10
Event: 0.847 Thread 0x00007ffde6814000 DEOPT UNPACKING pc=0x00000001155e01a5 sp=0x0000700006e88a78 mode 2
Event: 0.851 Thread 0x00007ffde6814000 Uncommon trap: trap_request=0xffffffde fr.pc=0x000000011d0a9af8 relative=0x0000000000001318
Event: 0.851 Thread 0x00007ffde6814000 Uncommon trap: reason=class_check action=maybe_recompile pc=0x000000011d0a9af8 method=java.util.HashMap.putVal(ILjava/lang/Object;Ljava/lang/Object;ZZ)Ljava/lang/Object; @ 203 c2
Event: 0.851 Thread 0x00007ffde6814000 DEOPT PACKING pc=0x000000011d0a9af8 sp=0x0000700006e88b10
Event: 0.851 Thread 0x00007ffde6814000 DEOPT UNPACKING pc=0x00000001155e01a5 sp=0x0000700006e88a78 mode 2
Event: 0.851 Thread 0x00007ffde6814000 Uncommon trap: trap_request=0xffffffde fr.pc=0x000000011d0a9af8 relative=0x0000000000001318
Event: 0.851 Thread 0x00007ffde6814000 Uncommon trap: reason=class_check action=maybe_recompile pc=0x000000011d0a9af8 method=java.util.HashMap.putVal(ILjava/lang/Object;Ljava/lang/Object;ZZ)Ljava/lang/Object; @ 203 c2
Event: 0.851 Thread 0x00007ffde6814000 DEOPT PACKING pc=0x000000011d0a9af8 sp=0x0000700006e88b10
Event: 0.851 Thread 0x00007ffde6814000 DEOPT UNPACKING pc=0x00000001155e01a5 sp=0x0000700006e88a78 mode 2
Event: 0.856 Thread 0x00007ffde6814000 DEOPT PACKING pc=0x0000000115b76c6f sp=0x0000700006e85580
Event: 0.856 Thread 0x00007ffde6814000 DEOPT UNPACKING pc=0x00000001155dffba sp=0x0000700006e84a28 mode 0

Classes redefined (5 events):
Event: 57.680 Thread 0x00007ffde781d800 redefined class name=api.CitiesApiTests, count=1
Event: 390.966 Thread 0x00007ffde781d800 redefined class name=api.CitiesApiTests, count=2
Event: 413.066 Thread 0x00007ffde781d800 redefined class name=api.CitiesApiTests, count=3
Event: 474.973 Thread 0x00007ffde781d800 redefined class name=api.CitiesApiTests, count=4
Event: 632.779 Thread 0x00007ffde781d800 redefined class name=api.CitiesApiTests, count=5

Internal exceptions (5 events):
Event: 0.466 Thread 0x00007ffde6814000 Exception <a 'java/lang/NoSuchMethodError'{0x000000070f7d00a0}: 'java.lang.Object java.lang.invoke.DirectMethodHandle$Holder.invokeStatic(java.lang.Object, java.lang.Object, java.lang.Object, java.lang.Object, java.lang.Object, java.lang.Object, java.lang
Event: 0.467 Thread 0x00007ffde6814000 Exception <a 'java/lang/NoSuchMethodError'{0x000000070f7df310}: 'java.lang.Object java.lang.invoke.DirectMethodHandle$Holder.invokeStatic(java.lang.Object, java.lang.Object, java.lang.Object, java.lang.Object, java.lang.Object, java.lang.Object, java.lang
Event: 0.469 Thread 0x00007ffde6814000 Exception <a 'java/lang/NoSuchMethodError'{0x000000070f7ee760}: 'java.lang.Object java.lang.invoke.DirectMethodHandle$Holder.invokeSpecial(java.lang.Object, java.lang.Object, int, int, java.lang.Object, java.lang.Object, java.lang.Object)'> (0x000000070f7
Event: 0.469 Thread 0x00007ffde6814000 Exception <a 'java/lang/NoSuchMethodError'{0x000000070f7f1cf0}: 'java.lang.Object java.lang.invoke.DelegatingMethodHandle$Holder.reinvoke_L(java.lang.Object, int, int, java.lang.Object, java.lang.Object, java.lang.Object)'> (0x000000070f7f1cf0) thrown at 
Event: 0.470 Thread 0x00007ffde6814000 Exception <a 'java/lang/NoSuchMethodError'{0x000000070f7f6f70}: 'java.lang.Object java.lang.invoke.DirectMethodHandle$Holder.invokeStatic(java.lang.Object, java.lang.Object, java.lang.Object, java.lang.Object, int)'> (0x000000070f7f6f70) thrown at [/opt/b

Events (20 events):
Event: 475.182 Executing VM operation: GetStackTrace done
Event: 632.706 Executing VM operation: ChangeBreakpoints
Event: 632.706 Executing VM operation: ChangeBreakpoints done
Event: 632.706 Executing VM operation: ChangeBreakpoints
Event: 632.706 Executing VM operation: ChangeBreakpoints done
Event: 632.749 Executing VM operation: RedefineClasses
Event: 632.780 Executing VM operation: RedefineClasses done
Event: 632.781 Executing VM operation: GetFrameCount
Event: 632.781 Executing VM operation: GetFrameCount done
Event: 632.783 Executing VM operation: GetFrameCount
Event: 632.783 Executing VM operation: GetFrameCount done
Event: 632.783 Executing VM operation: GetStackTrace
Event: 632.783 Executing VM operation: GetStackTrace done
Event: 632.867 Executing VM operation: ChangeBreakpoints
Event: 632.867 Executing VM operation: ChangeBreakpoints done
Event: 632.869 Executing VM operation: ChangeBreakpoints
Event: 632.869 Executing VM operation: ChangeBreakpoints done
Event: 632.877 Executing VM operation: GetFrameLocation
Event: 632.877 Executing VM operation: GetFrameLocation done
Event: 632.877 Executing VM operation: GetOrSetLocal


Dynamic libraries:
0x00007fff347eb000 	/System/Library/Frameworks/Cocoa.framework/Versions/A/Cocoa
0x00007fff41fd3000 	/System/Library/Frameworks/Security.framework/Versions/A/Security
0x00007fff33752000 	/System/Library/Frameworks/ApplicationServices.framework/Versions/A/ApplicationServices
0x00007fff6ea92000 	/usr/lib/libz.1.dylib
0x000000010afb3000 	/Applications/IntelliJ IDEA CE.app/Contents/jbr/Contents/Home/lib/jli/libjli.dylib
0x00007fff6c556000 	/usr/lib/libSystem.B.dylib
0x00007fff32942000 	/System/Library/Frameworks/AppKit.framework/Versions/C/AppKit
0x00007fff3516f000 	/System/Library/Frameworks/CoreData.framework/Versions/A/CoreData
0x00007fff37d45000 	/System/Library/Frameworks/Foundation.framework/Versions/C/Foundation
0x00007fff66571000 	/System/Library/PrivateFrameworks/UIFoundation.framework/Versions/A/UIFoundation
0x00007fff61615000 	/System/Library/PrivateFrameworks/RemoteViewServices.framework/Versions/A/RemoteViewServices
0x00007fff690c6000 	/System/Library/PrivateFrameworks/XCTTargetBootstrap.framework/Versions/A/XCTTargetBootstrap
0x00007fff3555a000 	/System/Library/Frameworks/CoreDisplay.framework/Versions/A/CoreDisplay
0x00007fff3ac00000 	/System/Library/Frameworks/Metal.framework/Versions/A/Metal
0x00007fff4f637000 	/System/Library/PrivateFrameworks/DesktopServicesPriv.framework/Versions/A/DesktopServicesPriv
0x00007fff6d691000 	/usr/lib/liblangid.dylib
0x00007fff4e8cf000 	/System/Library/PrivateFrameworks/CoreSVG.framework/Versions/A/CoreSVG
0x00007fff6476e000 	/System/Library/PrivateFrameworks/SkyLight.framework/Versions/A/SkyLight
0x00007fff35b0c000 	/System/Library/Frameworks/CoreGraphics.framework/Versions/A/CoreGraphics
0x00007fff31316000 	/System/Library/Frameworks/Accelerate.framework/Versions/A/Accelerate
0x00007fff6e983000 	/usr/lib/libxml2.2.dylib
0x00007fff5a5ae000 	/System/Library/PrivateFrameworks/IconServices.framework/Versions/A/IconServices
0x00007fff38524000 	/System/Library/Frameworks/IOSurface.framework/Versions/A/IOSurface
0x00007fff6c080000 	/usr/lib/libDiagnosticMessagesClient.dylib
0x00007fff4f491000 	/System/Library/PrivateFrameworks/DFRFoundation.framework/Versions/A/DFRFoundation
0x00007fff6d420000 	/usr/lib/libicucore.A.dylib
0x00007fff33a84000 	/System/Library/Frameworks/AudioToolbox.framework/Versions/A/AudioToolbox
0x00007fff33b67000 	/System/Library/Frameworks/AudioUnit.framework/Versions/A/AudioUnit
0x00007fff6c758000 	/usr/lib/libauto.dylib
0x00007fff4f533000 	/System/Library/PrivateFrameworks/DataDetectorsCore.framework/Versions/A/DataDetectorsCore
0x00007fff3430c000 	/System/Library/Frameworks/Carbon.framework/Versions/A/Frameworks/HIToolbox.framework/Versions/A/HIToolbox
0x00007fff411d0000 	/System/Library/Frameworks/QuartzCore.framework/Versions/A/QuartzCore
0x00007fff3464b000 	/System/Library/Frameworks/Carbon.framework/Versions/A/Frameworks/SpeechRecognition.framework/Versions/A/SpeechRecognition
0x00007fff4efa8000 	/System/Library/PrivateFrameworks/CoreUI.framework/Versions/A/CoreUI
0x00007fff34bda000 	/System/Library/Frameworks/CoreAudio.framework/Versions/A/CoreAudio
0x00007fff37a06000 	/System/Library/Frameworks/DiskArbitration.framework/Versions/A/DiskArbitration
0x00007fff5c5fc000 	/System/Library/PrivateFrameworks/MultitouchSupport.framework/Versions/A/MultitouchSupport
0x00007fff6d2e7000 	/usr/lib/libenergytrace.dylib
0x00007fff3847e000 	/System/Library/Frameworks/IOKit.framework/Versions/A/IOKit
0x00007fff36a72000 	/System/Library/Frameworks/CoreServices.framework/Versions/A/CoreServices
0x00007fff5e7ab000 	/System/Library/PrivateFrameworks/PerformanceAnalysis.framework/Versions/A/PerformanceAnalysis
0x00007fff40203000 	/System/Library/Frameworks/OpenGL.framework/Versions/A/OpenGL
0x00007fff6e3b6000 	/usr/lib/libobjc.A.dylib
0x00007fff347f9000 	/System/Library/Frameworks/ColorSync.framework/Versions/A/ColorSync
0x00007fff3568b000 	/System/Library/Frameworks/CoreFoundation.framework/Versions/A/CoreFoundation
0x00007fff3618e000 	/System/Library/Frameworks/CoreImage.framework/Versions/A/CoreImage
0x00007fff374e5000 	/System/Library/Frameworks/CoreText.framework/Versions/A/CoreText
0x00007fff385b4000 	/System/Library/Frameworks/ImageIO.framework/Versions/A/ImageIO
0x00007fff6c83c000 	/usr/lib/libc++.1.dylib
0x00007fff6c8b8000 	/usr/lib/libcompression.dylib
0x00007fff6c3c4000 	/usr/lib/libMobileGestalt.dylib
0x00007fff662e6000 	/System/Library/PrivateFrameworks/TextureIO.framework/Versions/A/TextureIO
0x00007fff6c6bb000 	/usr/lib/libate.dylib
0x00007fff5a7b7000 	/System/Library/PrivateFrameworks/InternationalSupport.framework/Versions/A/InternationalSupport
0x00007fff6f352000 	/usr/lib/system/libcache.dylib
0x00007fff6f358000 	/usr/lib/system/libcommonCrypto.dylib
0x00007fff6f364000 	/usr/lib/system/libcompiler_rt.dylib
0x00007fff6f36c000 	/usr/lib/system/libcopyfile.dylib
0x00007fff6f376000 	/usr/lib/system/libcorecrypto.dylib
0x00007fff6f515000 	/usr/lib/system/libdispatch.dylib
0x00007fff6f556000 	/usr/lib/system/libdyld.dylib
0x00007fff6f58d000 	/usr/lib/system/libkeymgr.dylib
0x00007fff6f59b000 	/usr/lib/system/liblaunch.dylib
0x00007fff6f59c000 	/usr/lib/system/libmacho.dylib
0x00007fff6f5a2000 	/usr/lib/system/libquarantine.dylib
0x00007fff6f5a5000 	/usr/lib/system/libremovefile.dylib
0x00007fff6f5a7000 	/usr/lib/system/libsystem_asl.dylib
0x00007fff6f5bf000 	/usr/lib/system/libsystem_blocks.dylib
0x00007fff6f5c0000 	/usr/lib/system/libsystem_c.dylib
0x00007fff6f648000 	/usr/lib/system/libsystem_configuration.dylib
0x00007fff6f64c000 	/usr/lib/system/libsystem_coreservices.dylib
0x00007fff6f650000 	/usr/lib/system/libsystem_darwin.dylib
0x00007fff6f659000 	/usr/lib/system/libsystem_dnssd.dylib
0x00007fff6f661000 	/usr/lib/system/libsystem_featureflags.dylib
0x00007fff6f663000 	/usr/lib/system/libsystem_info.dylib
0x00007fff6f6de000 	/usr/lib/system/libsystem_m.dylib
0x00007fff6f726000 	/usr/lib/system/libsystem_malloc.dylib
0x00007fff6f74e000 	/usr/lib/system/libsystem_networkextension.dylib
0x00007fff6f75c000 	/usr/lib/system/libsystem_notify.dylib
0x00007fff6f77a000 	/usr/lib/system/libsystem_sandbox.dylib
0x00007fff6f77f000 	/usr/lib/system/libsystem_secinit.dylib
0x00007fff6f6b1000 	/usr/lib/system/libsystem_kernel.dylib
0x00007fff6f766000 	/usr/lib/system/libsystem_platform.dylib
0x00007fff6f76f000 	/usr/lib/system/libsystem_pthread.dylib
0x00007fff6f782000 	/usr/lib/system/libsystem_symptoms.dylib
0x00007fff6f78a000 	/usr/lib/system/libsystem_trace.dylib
0x00007fff6f7a2000 	/usr/lib/system/libunwind.dylib
0x00007fff6f7a8000 	/usr/lib/system/libxpc.dylib
0x00007fff6c88f000 	/usr/lib/libc++abi.dylib
0x00007fff6d693000 	/usr/lib/liblzma.5.dylib
0x00007fff6d30e000 	/usr/lib/libfakelink.dylib
0x00007fff6c648000 	/usr/lib/libarchive.2.dylib
0x00007fff43084000 	/System/Library/Frameworks/SystemConfiguration.framework/Versions/A/SystemConfiguration
0x00007fff6bfb3000 	/usr/lib/libCRFSuite.dylib
0x00007fff33efd000 	/System/Library/Frameworks/CFNetwork.framework/Versions/A/CFNetwork
0x00007fff6c81e000 	/usr/lib/libbsm.0.dylib
0x00007fff6f58e000 	/usr/lib/system/libkxld.dylib
0x00007fff48e1d000 	/System/Library/PrivateFrameworks/AppleFSCompression.framework/Versions/A/AppleFSCompression
0x00007fff6cba9000 	/usr/lib/libcoretls.dylib
0x00007fff6cbc0000 	/usr/lib/libcoretls_cfhelpers.dylib
0x00007fff6e3fc000 	/usr/lib/libpam.2.dylib
0x00007fff6e531000 	/usr/lib/libsqlite3.dylib
0x00007fff6e970000 	/usr/lib/libxar.1.dylib
0x00007fff6c82f000 	/usr/lib/libbz2.1.0.dylib
0x00007fff6d32f000 	/usr/lib/libiconv.2.dylib
0x00007fff6c8a5000 	/usr/lib/libcharset.1.dylib
0x00007fff6de99000 	/usr/lib/libnetwork.dylib
0x00007fff6e403000 	/usr/lib/libpcap.A.dylib
0x00007fff6c5fd000 	/usr/lib/libapple_nghttp2.dylib
0x00007fff36e29000 	/System/Library/Frameworks/CoreServices.framework/Versions/A/Frameworks/FSEvents.framework/Versions/A/FSEvents
0x00007fff36af9000 	/System/Library/Frameworks/CoreServices.framework/Versions/A/Frameworks/CarbonCore.framework/Versions/A/CarbonCore
0x00007fff3706d000 	/System/Library/Frameworks/CoreServices.framework/Versions/A/Frameworks/Metadata.framework/Versions/A/Metadata
0x00007fff37106000 	/System/Library/Frameworks/CoreServices.framework/Versions/A/Frameworks/OSServices.framework/Versions/A/OSServices
0x00007fff37134000 	/System/Library/Frameworks/CoreServices.framework/Versions/A/Frameworks/SearchKit.framework/Versions/A/SearchKit
0x00007fff36a73000 	/System/Library/Frameworks/CoreServices.framework/Versions/A/Frameworks/AE.framework/Versions/A/AE
0x00007fff36e32000 	/System/Library/Frameworks/CoreServices.framework/Versions/A/Frameworks/LaunchServices.framework/Versions/A/LaunchServices
0x00007fff36ddb000 	/System/Library/Frameworks/CoreServices.framework/Versions/A/Frameworks/DictionaryServices.framework/Versions/A/DictionaryServices
0x00007fff3719c000 	/System/Library/Frameworks/CoreServices.framework/Versions/A/Frameworks/SharedFileList.framework/Versions/A/SharedFileList
0x00007fff3c023000 	/System/Library/Frameworks/NetFS.framework/Versions/A/NetFS
0x00007fff5cb2c000 	/System/Library/PrivateFrameworks/NetAuth.framework/Versions/A/NetAuth
0x00007fff69493000 	/System/Library/PrivateFrameworks/login.framework/Versions/A/Frameworks/loginsupport.framework/Versions/A/loginsupport
0x00007fff65db1000 	/System/Library/PrivateFrameworks/TCC.framework/Versions/A/TCC
0x00007fff4da42000 	/System/Library/PrivateFrameworks/CoreNLP.framework/Versions/A/CoreNLP
0x00007fff5c029000 	/System/Library/PrivateFrameworks/MetadataUtilities.framework/Versions/A/MetadataUtilities
0x00007fff6d76b000 	/usr/lib/libmecabra.dylib
0x00007fff6d6c3000 	/usr/lib/libmecab.dylib
0x00007fff6d31f000 	/usr/lib/libgermantok.dylib
0x00007fff6c5e4000 	/usr/lib/libThaiTokenizer.dylib
0x00007fff6bfea000 	/usr/lib/libChineseTokenizer.dylib
0x00007fff3132e000 	/System/Library/Frameworks/Accelerate.framework/Versions/A/Frameworks/vImage.framework/Versions/A/vImage
0x00007fff32798000 	/System/Library/Frameworks/Accelerate.framework/Versions/A/Frameworks/vecLib.framework/Versions/A/vecLib
0x00007fff326d5000 	/System/Library/Frameworks/Accelerate.framework/Versions/A/Frameworks/vecLib.framework/Versions/A/libvMisc.dylib
0x00007fff324fd000 	/System/Library/Frameworks/Accelerate.framework/Versions/A/Frameworks/vecLib.framework/Versions/A/libvDSP.dylib
0x00007fff31985000 	/System/Library/Frameworks/Accelerate.framework/Versions/A/Frameworks/vecLib.framework/Versions/A/libBLAS.dylib
0x00007fff320c1000 	/System/Library/Frameworks/Accelerate.framework/Versions/A/Frameworks/vecLib.framework/Versions/A/libLAPACK.dylib
0x00007fff3245d000 	/System/Library/Frameworks/Accelerate.framework/Versions/A/Frameworks/vecLib.framework/Versions/A/libLinearAlgebra.dylib
0x00007fff324ea000 	/System/Library/Frameworks/Accelerate.framework/Versions/A/Frameworks/vecLib.framework/Versions/A/libSparseBLAS.dylib
0x00007fff32473000 	/System/Library/Frameworks/Accelerate.framework/Versions/A/Frameworks/vecLib.framework/Versions/A/libQuadrature.dylib
0x00007fff31bed000 	/System/Library/Frameworks/Accelerate.framework/Versions/A/Frameworks/vecLib.framework/Versions/A/libBNNS.dylib
0x00007fff32479000 	/System/Library/Frameworks/Accelerate.framework/Versions/A/Frameworks/vecLib.framework/Versions/A/libSparse.dylib
0x00007fff5ab9f000 	/System/Library/PrivateFrameworks/LanguageModeling.framework/Versions/A/LanguageModeling
0x00007fff4d3f2000 	/System/Library/PrivateFrameworks/CoreEmoji.framework/Versions/A/CoreEmoji
0x00007fff5acbd000 	/System/Library/PrivateFrameworks/LinguisticData.framework/Versions/A/LinguisticData
0x00007fff5ac6e000 	/System/Library/PrivateFrameworks/Lexicon.framework/Versions/A/Lexicon
0x00007fff6c8a6000 	/usr/lib/libcmph.dylib
0x00007fff3ec11000 	/System/Library/Frameworks/OpenDirectory.framework/Versions/A/Frameworks/CFOpenDirectory.framework/Versions/A/CFOpenDirectory
0x00007fff3ec2e000 	/System/Library/Frameworks/OpenDirectory.framework/Versions/A/OpenDirectory
0x00007fff47053000 	/System/Library/PrivateFrameworks/APFS.framework/Versions/A/APFS
0x00007fff4231d000 	/System/Library/Frameworks/SecurityFoundation.framework/Versions/A/SecurityFoundation
0x00007fff6e96c000 	/usr/lib/libutil.dylib
0x00007fff4e927000 	/System/Library/PrivateFrameworks/CoreServicesStore.framework/Versions/A/CoreServicesStore
0x00007fff423d4000 	/System/Library/Frameworks/ServiceManagement.framework/Versions/A/ServiceManagement
0x00007fff4a5ec000 	/System/Library/PrivateFrameworks/BackgroundTaskManagement.framework/Versions/A/BackgroundTaskManagement
0x00007fff6ea69000 	/usr/lib/libxslt.1.dylib
0x00007fff49490000 	/System/Library/PrivateFrameworks/AppleSystemInfo.framework/Versions/A/AppleSystemInfo
0x00007fff387cf000 	/System/Library/Frameworks/ImageIO.framework/Versions/A/Resources/libJPEG.dylib
0x00007fff38a8b000 	/System/Library/Frameworks/ImageIO.framework/Versions/A/Resources/libTIFF.dylib
0x00007fff38a6e000 	/System/Library/Frameworks/ImageIO.framework/Versions/A/Resources/libPng.dylib
0x00007fff38711000 	/System/Library/Frameworks/ImageIO.framework/Versions/A/Resources/libGIF.dylib
0x00007fff38715000 	/System/Library/Frameworks/ImageIO.framework/Versions/A/Resources/libJP2.dylib
0x00007fff38a89000 	/System/Library/Frameworks/ImageIO.framework/Versions/A/Resources/libRadiance.dylib
0x00007fff6d2e8000 	/usr/lib/libexpat.1.dylib
0x00007fff48f78000 	/System/Library/PrivateFrameworks/AppleJPEG.framework/Versions/A/AppleJPEG
0x00007fff51c10000 	/System/Library/PrivateFrameworks/FontServices.framework/libFontParser.dylib
0x00007fff68498000 	/System/Library/PrivateFrameworks/WatchdogClient.framework/Versions/A/WatchdogClient
0x00007fff5a1fa000 	/System/Library/PrivateFrameworks/IOAccelerator.framework/Versions/A/IOAccelerator
0x00007fff3af9b000 	/System/Library/Frameworks/MetalPerformanceShaders.framework/Versions/A/MetalPerformanceShaders
0x00007fff56991000 	/System/Library/PrivateFrameworks/GPUWrangler.framework/Versions/A/GPUWrangler
0x00007fff5a20f000 	/System/Library/PrivateFrameworks/IOPresentment.framework/Versions/A/IOPresentment
0x00007fff4f4a4000 	/System/Library/PrivateFrameworks/DSExternalDisplay.framework/Versions/A/DSExternalDisplay
0x00007fff3f5a2000 	/System/Library/Frameworks/OpenGL.framework/Versions/A/Libraries/libCoreFSCache.dylib
0x00007fff3ace7000 	/System/Library/Frameworks/MetalPerformanceShaders.framework/Frameworks/MPSCore.framework/Versions/A/MPSCore
0x00007fff3ad25000 	/System/Library/Frameworks/MetalPerformanceShaders.framework/Frameworks/MPSImage.framework/Versions/A/MPSImage
0x00007fff3adec000 	/System/Library/Frameworks/MetalPerformanceShaders.framework/Frameworks/MPSNeuralNetwork.framework/Versions/A/MPSNeuralNetwork
0x00007fff3adb0000 	/System/Library/Frameworks/MetalPerformanceShaders.framework/Frameworks/MPSMatrix.framework/Versions/A/MPSMatrix
0x00007fff3af4b000 	/System/Library/Frameworks/MetalPerformanceShaders.framework/Frameworks/MPSRayIntersector.framework/Versions/A/MPSRayIntersector
0x00007fff3add6000 	/System/Library/Frameworks/MetalPerformanceShaders.framework/Frameworks/MPSNDArray.framework/Versions/A/MPSNDArray
0x00007fff5c076000 	/System/Library/PrivateFrameworks/MetalTools.framework/Versions/A/MetalTools
0x00007fff48228000 	/System/Library/PrivateFrameworks/AggregateDictionary.framework/Versions/A/AggregateDictionary
0x00007fff4ce3c000 	/System/Library/PrivateFrameworks/CoreAnalytics.framework/Versions/A/CoreAnalytics
0x00007fff493af000 	/System/Library/PrivateFrameworks/AppleSauce.framework/Versions/A/AppleSauce
0x00007fff6c2a6000 	/usr/lib/libIOReport.dylib
0x00007fff3769d000 	/System/Library/Frameworks/CoreVideo.framework/Versions/A/CoreVideo
0x00007fff57e0b000 	/System/Library/PrivateFrameworks/GraphVisualizer.framework/Versions/A/GraphVisualizer
0x00007fff51157000 	/System/Library/PrivateFrameworks/FaceCore.framework/Versions/A/FaceCore
0x00007fff3ebb8000 	/System/Library/Frameworks/OpenCL.framework/Versions/A/OpenCL
0x00007fff6c0c8000 	/usr/lib/libFosl_dynamic.dylib
0x00007fff5d54c000 	/System/Library/PrivateFrameworks/OTSVG.framework/Versions/A/OTSVG
0x00007fff33857000 	/System/Library/Frameworks/ApplicationServices.framework/Versions/A/Frameworks/ATS.framework/Versions/A/Resources/libFontRegistry.dylib
0x00007fff51de2000 	/System/Library/PrivateFrameworks/FontServices.framework/libhvf.dylib
0x00007fff3f5ad000 	/System/Library/Frameworks/OpenGL.framework/Versions/A/Libraries/libGFXShared.dylib
0x00007fff3f78b000 	/System/Library/Frameworks/OpenGL.framework/Versions/A/Libraries/libGLU.dylib
0x00007fff3f5b6000 	/System/Library/Frameworks/OpenGL.framework/Versions/A/Libraries/libGL.dylib
0x00007fff3f5c1000 	/System/Library/Frameworks/OpenGL.framework/Versions/A/Libraries/libGLImage.dylib
0x00007fff3f59f000 	/System/Library/Frameworks/OpenGL.framework/Versions/A/Libraries/libCVMSPluginSupport.dylib
0x00007fff3f5a8000 	/System/Library/Frameworks/OpenGL.framework/Versions/A/Libraries/libCoreVMClient.dylib
0x00007fff6dd3a000 	/usr/lib/libncurses.5.4.dylib
0x00007fff33753000 	/System/Library/Frameworks/ApplicationServices.framework/Versions/A/Frameworks/ATS.framework/Versions/A/ATS
0x00007fff33920000 	/System/Library/Frameworks/ApplicationServices.framework/Versions/A/Frameworks/ColorSyncLegacy.framework/Versions/A/ColorSyncLegacy
0x00007fff339be000 	/System/Library/Frameworks/ApplicationServices.framework/Versions/A/Frameworks/HIServices.framework/Versions/A/HIServices
0x00007fff33a16000 	/System/Library/Frameworks/ApplicationServices.framework/Versions/A/Frameworks/LangAnalysis.framework/Versions/A/LangAnalysis
0x00007fff33a25000 	/System/Library/Frameworks/ApplicationServices.framework/Versions/A/Frameworks/PrintCore.framework/Versions/A/PrintCore
0x00007fff33a6b000 	/System/Library/Frameworks/ApplicationServices.framework/Versions/A/Frameworks/QD.framework/Versions/A/QD
0x00007fff33a76000 	/System/Library/Frameworks/ApplicationServices.framework/Versions/A/Frameworks/SpeechSynthesis.framework/Versions/A/SpeechSynthesis
0x00007fff338f0000 	/System/Library/Frameworks/ApplicationServices.framework/Versions/A/Frameworks/ATSUI.framework/Versions/A/ATSUI
0x00007fff6d17e000 	/usr/lib/libcups.2.dylib
0x00007fff3a036000 	/System/Library/Frameworks/Kerberos.framework/Versions/A/Kerberos
0x00007fff38177000 	/System/Library/Frameworks/GSS.framework/Versions/A/GSS
0x00007fff6e4bd000 	/usr/lib/libresolv.9.dylib
0x00007fff57fb8000 	/System/Library/PrivateFrameworks/Heimdal.framework/Versions/A/Heimdal
0x00007fff3a049000 	/System/Library/Frameworks/Kerberos.framework/Versions/A/Libraries/libHeimdalProxy.dylib
0x00007fff6d325000 	/usr/lib/libheimdal-asn1.dylib
0x00007fff4c2d7000 	/System/Library/PrivateFrameworks/CommonAuth.framework/Versions/A/CommonAuth
0x00007fff4952d000 	/System/Library/PrivateFrameworks/AssertionServices.framework/Versions/A/AssertionServices
0x00007fff4a0cf000 	/System/Library/PrivateFrameworks/AudioToolboxCore.framework/Versions/A/AudioToolboxCore
0x00007fff69143000 	/System/Library/PrivateFrameworks/caulk.framework/Versions/A/caulk
0x00007fff4a698000 	/System/Library/PrivateFrameworks/BaseBoard.framework/Versions/A/BaseBoard
0x00007fff617a3000 	/System/Library/PrivateFrameworks/RunningBoardServices.framework/Versions/A/RunningBoardServices
0x00007fff5e7b7000 	/System/Library/PrivateFrameworks/PersistentConnection.framework/Versions/A/PersistentConnection
0x00007fff6119d000 	/System/Library/PrivateFrameworks/ProtocolBuffer.framework/Versions/A/ProtocolBuffer
0x00007fff4c2fb000 	/System/Library/PrivateFrameworks/CommonUtilities.framework/Versions/A/CommonUtilities
0x00007fff4a826000 	/System/Library/PrivateFrameworks/Bom.framework/Versions/A/Bom
0x00007fff6bf79000 	/usr/lib/libAudioToolboxUtility.dylib
0x00007fff4a5f6000 	/System/Library/PrivateFrameworks/Backup.framework/Versions/A/Backup
0x00007fff4f3c5000 	/System/Library/PrivateFrameworks/CrashReporterSupport.framework/Versions/A/CrashReporterSupport
0x00007fff63234000 	/System/Library/PrivateFrameworks/Sharing.framework/Versions/A/Sharing
0x00007fff48b3b000 	/System/Library/PrivateFrameworks/Apple80211.framework/Versions/A/Apple80211
0x00007fff4a313000 	/System/Library/PrivateFrameworks/AuthKit.framework/Versions/A/AuthKit
0x00007fff4f0d5000 	/System/Library/PrivateFrameworks/CoreUtils.framework/Versions/A/CoreUtils
0x00007fff376e2000 	/System/Library/Frameworks/CoreWLAN.framework/Versions/A/CoreWLAN
0x00007fff38304000 	/System/Library/Frameworks/IOBluetooth.framework/Versions/A/IOBluetooth
0x00007fff5c37b000 	/System/Library/PrivateFrameworks/MobileKeyBag.framework/Versions/A/MobileKeyBag
0x00007fff4deda000 	/System/Library/PrivateFrameworks/CorePhoneNumbers.framework/Versions/A/CorePhoneNumbers
0x00007fff48f2b000 	/System/Library/PrivateFrameworks/AppleIDAuthSupport.framework/Versions/A/AppleIDAuthSupport
0x00007fff3c030000 	/System/Library/Frameworks/Network.framework/Versions/A/Network
0x00007fff5aa4b000 	/System/Library/PrivateFrameworks/KeychainCircle.framework/Versions/A/KeychainCircle
0x00007fff35136000 	/System/Library/Frameworks/CoreBluetooth.framework/Versions/A/CoreBluetooth
0x00007fff652b1000 	/System/Library/PrivateFrameworks/SpeechRecognitionCore.framework/Versions/A/SpeechRecognitionCore
0x000000010c800000 	/Applications/IntelliJ IDEA CE.app/Contents/jbr/Contents/Home/lib/server/libjvm.dylib
0x000000010afdf000 	/Applications/IntelliJ IDEA CE.app/Contents/jbr/Contents/Home/lib/libverify.dylib
0x000000010d55e000 	/Applications/IntelliJ IDEA CE.app/Contents/jbr/Contents/Home/lib/libjava.dylib
0x000000010d58a000 	/Applications/IntelliJ IDEA CE.app/Contents/jbr/Contents/Home/lib/libjdwp.dylib
0x000000010d5c8000 	/Applications/IntelliJ IDEA CE.app/Contents/jbr/Contents/Home/lib/libinstrument.dylib
0x000000010d618000 	/Applications/IntelliJ IDEA CE.app/Contents/jbr/Contents/Home/lib/libzip.dylib
0x000000010d625000 	/Applications/IntelliJ IDEA CE.app/Contents/jbr/Contents/Home/lib/libjimage.dylib
0x00000001151c2000 	/Applications/IntelliJ IDEA CE.app/Contents/jbr/Contents/Home/lib/libdt_socket.dylib
0x00000001151cd000 	/Applications/IntelliJ IDEA CE.app/Contents/jbr/Contents/Home/lib/libnio.dylib
0x00000001151e0000 	/Applications/IntelliJ IDEA CE.app/Contents/jbr/Contents/Home/lib/libnet.dylib
0x00000001151fa000 	/Applications/IntelliJ IDEA CE.app/Contents/jbr/Contents/Home/lib/libextnet.dylib


VM Arguments:
jvm_args: -agentlib:jdwp=transport=dt_socket,address=127.0.0.1:57301,suspend=y,server=n -ea -Didea.test.cyclic.buffer.size=1048576 -javaagent:/Users/shwetagulyani/Library/Caches/IdeaIC2019.3/captureAgent/debugger-agent.jar -Dfile.encoding=UTF-8 
java_command: com.intellij.rt.testng.RemoteTestNGStarter -usedefaultlisteners false -socket57300 @w@/private/var/folders/rk/5xrm9p0904gdwypsb4rr29800000gn/T/idea_working_dirs_testng.tmp -temp /private/var/folders/rk/5xrm9p0904gdwypsb4rr29800000gn/T/idea_testng.tmp
java_class_path (initial): /Applications/IntelliJ IDEA CE.app/Contents/lib/idea_rt.jar:/Applications/IntelliJ IDEA CE.app/Contents/plugins/testng/lib/testng-rt.jar:/Users/shwetagulyani/Downloads/Zomato_ApiAutomation/target/test-classes:/Users/shwetagulyani/Downloads/Zomato_ApiAutomation/target/classes:/Users/shwetagulyani/.m2/repository/org/testng/testng/6.14.3/testng-6.14.3.jar:/Users/shwetagulyani/.m2/repository/com/beust/jcommander/1.72/jcommander-1.72.jar:/Users/shwetagulyani/.m2/repository/org/apache-extras/beanshell/bsh/2.0b6/bsh-2.0b6.jar:/Users/shwetagulyani/.m2/repository/com/jayway/restassured/rest-assured/2.9.0/rest-assured-2.9.0.jar:/Users/shwetagulyani/.m2/repository/org/codehaus/groovy/groovy/2.4.4/groovy-2.4.4.jar:/Users/shwetagulyani/.m2/repository/org/codehaus/groovy/groovy-xml/2.4.4/groovy-xml-2.4.4.jar:/Users/shwetagulyani/.m2/repository/org/apache/httpcomponents/httpclient/4.5.1/httpclient-4.5.1.jar:/Users/shwetagulyani/.m2/repository/org/apache/httpcomponents/httpcore/4.4.3/httpcore-4.4.3.jar:/Users/shwetagulyani/.m2/repository/commons-logging/commons-logging/1.2/commons-logging-1.2.jar:/Users/shwetagulyani/.m2/repository/commons-codec/commons-codec/1.9/commons-codec-1.9.jar:/Users/shwetagulyani/.m2/repository/org/apache/httpcomponents/httpmime/4.5.1/httpmime-4.5.1.jar:/Users/shwetagulyani/.m2/repository/org/hamcrest/hamcrest-core/1.3/hamcrest-core-1.3.jar:/Users/shwetagulyani/.m2/repository/org/hamcrest/hamcrest-library/1.3/hamcrest-library-1.3.jar:/Users/shwetagulyani/.m2/repository/org/ccil/cowan/tagsoup/tagsoup/1.2.1/tagsoup-1.2.1.jar:/Users/shwetagulyani/.m2/repository/com/jayway/restassured/json-path/2.9.0/json-path-2.9.0.jar:/Users/shwetagulyani/.m2/repository/org/codehaus/groovy/groovy-json/2.4.4/groovy-json-2.4.4.jar:/Users/shwetagulyani/.m2/repository/com/jayway/restassured/rest-assured-common/2.9.0/rest-assured-common-2.9.0.jar:/Users/shwetagulyani/.m2/repository/com/jayway/restassured/xml-path/2.9.0/xml-path-2.9.0.jar:/Users/shweta
Launcher Type: SUN_STANDARD

[Global flags]
     intx CICompilerCount                          = 4                                         {product} {ergonomic}
     uint ConcGCThreads                            = 3                                         {product} {ergonomic}
     uint G1ConcRefinementThreads                  = 10                                        {product} {ergonomic}
   size_t G1HeapRegionSize                         = 1048576                                   {product} {ergonomic}
    uintx GCDrainStackTargetSize                   = 64                                        {product} {ergonomic}
   size_t InitialHeapSize                          = 268435456                                 {product} {ergonomic}
   size_t MarkStackSize                            = 4194304                                   {product} {ergonomic}
   size_t MaxHeapSize                              = 4294967296                                {product} {ergonomic}
   size_t MaxNewSize                               = 2576351232                                {product} {ergonomic}
   size_t MinHeapDeltaBytes                        = 1048576                                   {product} {ergonomic}
    uintx NonNMethodCodeHeapSize                   = 5836300                                {pd product} {ergonomic}
    uintx NonProfiledCodeHeapSize                  = 122910970                              {pd product} {ergonomic}
    uintx ProfiledCodeHeapSize                     = 122910970                              {pd product} {ergonomic}
    uintx ReservedCodeCacheSize                    = 251658240                              {pd product} {ergonomic}
     bool SegmentedCodeCache                       = true                                      {product} {ergonomic}
     bool UseCompressedClassPointers               = true                                 {lp64_product} {ergonomic}
     bool UseCompressedOops                        = true                                 {lp64_product} {ergonomic}
     bool UseG1GC                                  = true                                      {product} {ergonomic}

Logging:
Log output configuration:
 #0: stdout all=warning uptime,level,tags
 #1: stderr all=off uptime,level,tags

Environment Variables:
PATH=/usr/local/bin:/usr/bin:/bin:/usr/sbin:/sbin
SHELL=/bin/bash

Signal Handlers:
SIGSEGV: [libjvm.dylib+0x7467f2], sa_mask[0]=11111111011111110111111111111111, sa_flags=SA_ONSTACK|SA_RESTART|SA_SIGINFO
SIGBUS: [libjvm.dylib+0x7467f2], sa_mask[0]=11111111011111110111111111111111, sa_flags=SA_RESTART|SA_SIGINFO
SIGFPE: [libjvm.dylib+0x7467f2], sa_mask[0]=11111111011111110111111111111111, sa_flags=SA_RESTART|SA_SIGINFO
SIGPIPE: [libjvm.dylib+0x5f6f50], sa_mask[0]=11111111011111110111111111111111, sa_flags=SA_RESTART|SA_SIGINFO
SIGXFSZ: [libjvm.dylib+0x5f6f50], sa_mask[0]=11111111011111110111111111111111, sa_flags=SA_RESTART|SA_SIGINFO
SIGILL: [libjvm.dylib+0x7467f2], sa_mask[0]=11111111011111110111111111111111, sa_flags=SA_RESTART|SA_SIGINFO
SIGUSR2: [libjvm.dylib+0x5f7535], sa_mask[0]=00100000000000000000000000000000, sa_flags=SA_RESTART|SA_SIGINFO
SIGHUP: [libjvm.dylib+0x5f6067], sa_mask[0]=11111111011111110111111111111111, sa_flags=SA_RESTART|SA_SIGINFO
SIGINT: [libjvm.dylib+0x5f6067], sa_mask[0]=11111111011111110111111111111111, sa_flags=SA_RESTART|SA_SIGINFO
SIGTERM: [libjvm.dylib+0x5f6067], sa_mask[0]=11111111011111110111111111111111, sa_flags=SA_RESTART|SA_SIGINFO
SIGQUIT: [libjvm.dylib+0x5f6067], sa_mask[0]=11111111011111110111111111111111, sa_flags=SA_RESTART|SA_SIGINFO


---------------  S Y S T E M  ---------------

OS:uname:Darwin 19.5.0 Darwin Kernel Version 19.5.0: Tue May 26 20:41:44 PDT 2020; root:xnu-6153.121.2~2/RELEASE_X86_64 x86_64
rlimit: STACK 8192k, CORE 0k, NPROC 2784, NOFILE 10240, AS infinity, DATA infinity, FSIZE infinity
load average:3.72 2.69 2.70

CPU:total 12 (initial active 12) (6 cores per cpu, 2 threads per core) family 6 model 158 stepping 10, cmov, cx8, fxsr, mmx, sse, sse2, sse3, ssse3, sse4.1, sse4.2, popcnt, avx, avx2, aes, clmul, erms, 3dnowpref, lzcnt, ht, tsc, tscinvbit, bmi1, bmi2, adx, fma

Memory: 4k page, physical 16777216k(84968k free), swap 6291456k(729344k free)

vm_info: OpenJDK 64-Bit Server VM (11.0.6+8-b520.66) for bsd-amd64 JRE (11.0.6+8-b520.66), built on Apr 20 2020 07:25:59 by "builduser" with gcc 4.2.1 Compatible Apple LLVM 9.1.0 (clang-902.0.39.2)

END.
